2012-08-06 17:41:49,838 INFO  [log] Set..[SESSION_ID=23100219-e007-11e1-a586-67e4910feddd; Path=/; Secure; Expires=Mon, 6-Aug-2012 21:41:45 GMT, CSRF_TOKEN=3I1dVwon6mhEoIX7pe7DoadBpYEOqDNKDpB5abePSrDmqwaLTtFd9BeH4bzhiAms; Path=/; Secure; Expires=Mon, 6-Aug-2012 21:41:45 GMT]sss
2012-08-06 17:41:49,841 INFO  [log] inicio=12fin48
2012-08-06 17:41:49,842 INFO  [log] inicio2=114fin179
2012-08-06 17:41:49,842 INFO  [log] toString..[SESSION_ID=23100219-e007-11e1-a586-67e4910feddd; Path=/; Secure; Expires=Mon, 6-Aug-2012 21:41:45 GMT, CSRF_TOKEN=3I1dVwon6mhEoIX7pe7DoadBpYEOqDNKDpB5abePSrDmqwaLTtFd9BeH4bzhiAms; Path=/; Secure; Expires=Mon, 6-Aug-2012 21:41:45 GMT]
2012-08-06 17:41:49,842 INFO  [log] Resultado1:23100219-e007-11e1-a586-67e4910feddd
2012-08-06 17:41:49,843 INFO  [log] Resultado2:3I1dVwon6mhEoIX7pe7DoadBpYEOqDNKDpB5abePSrDmqwaLTtFd9BeH4bzhiAms
2012-08-06 17:42:10,798 INFO  [log] RESPONSE..STRING4OOOO
2012-08-06 17:42:10,799 INFO  [log] RESPONSE..ID VAL <Response>
   <e>
      <id>4</id>
      <is_default>true</is_default>
      <name>sfdl-all@mulesource.test10</name>
      <salesforce_url>https://test.salesforce.com/services/Soap/u/23.0</salesforce_url>
      <username>sfdl-all@mulesource.test10</username>
   </e>
</Response>OOOO
2012-08-06 17:43:24,301 INFO  [log] Set..[SESSION_ID=5aefbfda-e007-11e1-a586-67e4910feddd; Path=/; Secure; Expires=Mon, 6-Aug-2012 21:43:19 GMT, CSRF_TOKEN=WujhA7bc3z8PbJg8xwDtMRDcRfiOTosiNnffZ4yS8t8nkMZzfGOFNurMvy4Clakc; Path=/; Secure; Expires=Mon, 6-Aug-2012 21:43:19 GMT]sss
2012-08-06 17:43:24,303 INFO  [log] inicio=12fin48
2012-08-06 17:43:24,305 INFO  [log] inicio2=114fin179
2012-08-06 17:43:24,305 INFO  [log] toString..[SESSION_ID=5aefbfda-e007-11e1-a586-67e4910feddd; Path=/; Secure; Expires=Mon, 6-Aug-2012 21:43:19 GMT, CSRF_TOKEN=WujhA7bc3z8PbJg8xwDtMRDcRfiOTosiNnffZ4yS8t8nkMZzfGOFNurMvy4Clakc; Path=/; Secure; Expires=Mon, 6-Aug-2012 21:43:19 GMT]
2012-08-06 17:43:24,305 INFO  [log] Resultado1:5aefbfda-e007-11e1-a586-67e4910feddd
2012-08-06 17:43:24,305 INFO  [log] Resultado2:WujhA7bc3z8PbJg8xwDtMRDcRfiOTosiNnffZ4yS8t8nkMZzfGOFNurMvy4Clakc
2012-08-06 17:43:44,631 INFO  [log] RESPONSE..STRING4OOOO
2012-08-06 17:43:44,633 INFO  [log] RESPONSE..ID VAL <Response>
   <e>
      <id>4</id>
      <is_default>true</is_default>
      <name>sfdl-all@mulesource.test10</name>
      <salesforce_url>https://test.salesforce.com/services/Soap/u/23.0</salesforce_url>
      <username>sfdl-all@mulesource.test10</username>
   </e>
</Response>OOOO
2012-08-06 17:46:06,933 INFO  [log] inicio=0fin-1
2012-08-06 17:46:06,934 INFO  [log] toString..null
2012-08-06 17:46:09,655 INFO  [log] Set..nullsss
2012-08-06 17:46:09,655 INFO  [log] inicio=0fin-1
2012-08-06 17:46:09,655 INFO  [log] toString..null
2012-08-06 17:46:12,714 INFO  [log] inicio=0fin-1
2012-08-06 17:46:12,714 INFO  [log] toString..null
2012-08-06 17:46:15,598 INFO  [log] inicio=0fin-1
2012-08-06 17:46:15,599 INFO  [log] toString..null
2012-08-06 17:46:17,545 INFO  [log] inicio=12fin48
2012-08-06 17:46:17,545 INFO  [log] toString..[SESSION_ID=c3418781-e007-11e1-a586-67e4910feddd; Path=/; Secure; Expires=Mon, 6-Aug-2012 21:46:14 GMT, CSRF_TOKEN=bVFGoADmaJXOSw35PRGan46A3u3WBFrIIN2eT5EsuEJQBwhCTnknVQIS4H8OuQnB; Path=/; Secure; Expires=Mon, 6-Aug-2012 21:46:14 GMT]
2012-08-06 17:46:17,545 INFO  [log] Resultado:c3418781-e007-11e1-a586-67e4910feddd
2012-08-06 17:46:37,085 INFO  [log] RESPONSE..STRINGnullOOOO
2012-08-06 17:46:37,087 INFO  [log] RESPONSE..ID VAL <Fault xmlns="https://sfdataloader-load.muleion.com/api/connections">
   <error>Not Authorized.</error>
</Fault>OOOO
2012-08-06 17:46:49,687 INFO  [log] RESPONSE..IDTask<Fault xmlns="https://sfdataloader-load.muleion.com/api/tasks">
   <error>Not Authorized.</error>
</Fault>OOOO
2012-08-06 17:46:54,035 INFO  [log] Set..nullsss
2012-08-06 17:46:54,036 INFO  [log] inicio=0fin-1
2012-08-06 17:46:54,036 INFO  [log] toString..null
2012-08-06 17:46:56,730 INFO  [log] Set..nullsss
2012-08-06 17:46:56,731 INFO  [log] inicio=0fin-1
2012-08-06 17:46:56,731 INFO  [log] toString..null
2012-08-06 17:46:59,282 INFO  [log] Set..[SESSION_ID=dbbbdb5b-e007-11e1-a586-67e4910feddd; Path=/; Secure; Expires=Mon, 6-Aug-2012 21:46:55 GMT, CSRF_TOKEN=AvIj6LV98GuD2BWf9Y7h8jsgzDucExHffRHMhW42201RJK10YKlsQkV5ZZzMZJXq; Path=/; Secure; Expires=Mon, 6-Aug-2012 21:46:55 GMT]sss
2012-08-06 17:46:59,283 INFO  [log] inicio=12fin48
2012-08-06 17:46:59,284 INFO  [log] toString..[SESSION_ID=dbbbdb5b-e007-11e1-a586-67e4910feddd; Path=/; Secure; Expires=Mon, 6-Aug-2012 21:46:55 GMT, CSRF_TOKEN=AvIj6LV98GuD2BWf9Y7h8jsgzDucExHffRHMhW42201RJK10YKlsQkV5ZZzMZJXq; Path=/; Secure; Expires=Mon, 6-Aug-2012 21:46:55 GMT]
2012-08-06 17:46:59,284 INFO  [log] Resultado:dbbbdb5b-e007-11e1-a586-67e4910feddd
2012-08-06 17:47:09,131 INFO  [log] RESPONSE..STRINGnullOOOO
2012-08-06 17:47:09,132 INFO  [log] RESPONSE..ID VAL <Fault xmlns="https://sfdataloader-load.muleion.com/api/connections">
   <error>Not Authorized.</error>
</Fault>OOOO
2012-08-06 17:47:45,301 INFO  [log] id : [003K000000HKkByIAL]
2012-08-06 17:47:45,304 INFO  [log] pos:1
2012-08-06 17:47:45,304 INFO  [log] id : [003K000000HKkBzIAL]
2012-08-06 17:47:45,304 INFO  [log] pos:2
2012-08-06 17:47:45,304 INFO  [log] id : [003K000000HKkC0IAL]
2012-08-06 17:47:45,305 INFO  [log] pos:3
2012-08-06 17:47:45,305 INFO  [log] id : [003K000000HKkC1IAL]
2012-08-06 17:47:45,305 INFO  [log] pos:4
2012-08-06 17:47:45,305 INFO  [log] id : [003K000000HKkC2IAL]
2012-08-06 17:47:45,305 INFO  [log] pos:5
2012-08-06 17:47:45,305 INFO  [log] id : [003K000000HKkC3IAL]
2012-08-06 17:47:45,305 INFO  [log] pos:6
2012-08-06 17:47:45,305 INFO  [log] id : [003K000000HKkC4IAL]
2012-08-06 17:47:45,305 INFO  [log] pos:7
2012-08-06 17:47:45,306 INFO  [log] id : [003K000000HKkC5IAL]
2012-08-06 17:47:45,306 INFO  [log] pos:8
2012-08-06 17:47:45,306 INFO  [log] id : [003K000000HKkC6IAL]
2012-08-06 17:47:45,306 INFO  [log] pos:9
2012-08-06 17:47:45,306 INFO  [log] id : [003K000000HKkC7IAL]
2012-08-06 17:47:45,306 INFO  [log] pos:10
2012-08-06 17:47:45,306 INFO  [log] id : [003K000000HKkC8IAL]
2012-08-06 17:47:45,306 INFO  [log] pos:11
2012-08-06 17:47:45,306 INFO  [log] id : [003K000000HKkC9IAL]
2012-08-06 17:47:45,307 INFO  [log] pos:12
2012-08-06 17:47:45,307 INFO  [log] id : [003K000000HKkCAIA1]
2012-08-06 17:47:45,307 INFO  [log] pos:13
2012-08-06 17:47:45,307 INFO  [log] id : [003K000000HKkCBIA1]
2012-08-06 17:47:45,307 INFO  [log] pos:14
2012-08-06 17:47:45,307 INFO  [log] id : [003K000000HKkCCIA1]
2012-08-06 17:47:45,307 INFO  [log] pos:15
2012-08-06 17:47:45,307 INFO  [log] id : [003K000000HKkCDIA1]
2012-08-06 17:47:45,307 INFO  [log] pos:16
2012-08-06 17:47:45,307 INFO  [log] id : [003K000000HKkCEIA1]
2012-08-06 17:47:45,308 INFO  [log] pos:17
2012-08-06 17:47:45,308 INFO  [log] id : [003K000000HKkCFIA1]
2012-08-06 17:47:45,308 INFO  [log] pos:18
2012-08-06 17:47:45,308 INFO  [log] id : [003K000000HKkCGIA1]
2012-08-06 17:47:45,308 INFO  [log] pos:19
2012-08-06 17:47:45,308 INFO  [log] id : [003K000000HKkCHIA1]
2012-08-06 17:47:45,308 INFO  [log] pos:20
2012-08-06 17:47:45,308 INFO  [log] id : [003K000000HKkCIIA1]
2012-08-06 17:47:45,308 INFO  [log] pos:21
2012-08-06 17:47:45,309 INFO  [log] id : [003K000000HKkCJIA1]
2012-08-06 17:47:45,309 INFO  [log] pos:22
2012-08-06 17:47:45,309 INFO  [log] id : [003K000000HKhhOIAT]
2012-08-06 17:47:45,309 INFO  [log] pos:23
2012-08-06 17:47:45,309 INFO  [log] id : [003K000000HKhhPIAT]
2012-08-06 17:47:45,309 INFO  [log] pos:24
2012-08-06 17:47:45,309 INFO  [log] id : [003K000000HKhhQIAT]
2012-08-06 17:47:45,309 INFO  [log] pos:25
2012-08-06 17:47:45,309 INFO  [log] id : [003K000000HKhhRIAT]
2012-08-06 17:47:45,310 INFO  [log] pos:26
2012-08-06 17:47:45,310 INFO  [log] id : [003K000000HKhhSIAT]
2012-08-06 17:47:45,310 INFO  [log] pos:27
2012-08-06 17:47:45,310 INFO  [log] id : [003K000000HKhhTIAT]
2012-08-06 17:47:45,310 INFO  [log] pos:28
2012-08-06 17:47:45,310 INFO  [log] id : [003K000000HKhhUIAT]
2012-08-06 17:47:45,310 INFO  [log] pos:29
2012-08-06 17:47:45,310 INFO  [log] id : [003K000000HKhhVIAT]
2012-08-06 17:47:45,310 INFO  [log] pos:30
2012-08-06 17:47:45,311 INFO  [log] id : [003K000000HKhhWIAT]
2012-08-06 17:47:45,311 INFO  [log] pos:31
2012-08-06 17:47:45,311 INFO  [log] id : [003K000000HKhhXIAT]
2012-08-06 17:47:45,311 INFO  [log] pos:32
2012-08-06 17:47:45,311 INFO  [log] id : [003K000000HKhhYIAT]
2012-08-06 17:47:45,311 INFO  [log] pos:33
2012-08-06 17:47:45,311 INFO  [log] id : [003K000000HKhhZIAT]
2012-08-06 17:47:45,311 INFO  [log] pos:34
2012-08-06 17:47:45,312 INFO  [log] id : [003K000000HKhhaIAD]
2012-08-06 17:47:45,312 INFO  [log] pos:35
2012-08-06 17:47:45,312 INFO  [log] id : [003K000000HKhhbIAD]
2012-08-06 17:47:45,312 INFO  [log] pos:36
2012-08-06 17:47:45,312 INFO  [log] id : [003K000000HKhhcIAD]
2012-08-06 17:47:45,312 INFO  [log] pos:37
2012-08-06 17:47:45,312 INFO  [log] id : [003K000000HKhhdIAD]
2012-08-06 17:47:45,312 INFO  [log] pos:38
2012-08-06 17:47:45,313 INFO  [log] id : [003K000000HKhheIAD]
2012-08-06 17:47:45,313 INFO  [log] pos:39
2012-08-06 17:47:45,313 INFO  [log] id : [003K000000HKhhfIAD]
2012-08-06 17:47:45,313 INFO  [log] pos:40
2012-08-06 17:47:45,313 INFO  [log] id : [003K000000HKhhgIAD]
2012-08-06 17:47:45,313 INFO  [log] pos:41
2012-08-06 17:47:45,313 INFO  [log] id : [003K000000HKhhhIAD]
2012-08-06 17:47:45,313 INFO  [log] pos:42
2012-08-06 17:47:45,313 INFO  [log] id : [003K000000HKhhiIAD]
2012-08-06 17:47:45,314 INFO  [log] pos:43
2012-08-06 17:47:45,314 INFO  [log] id : [003K000000HKhhjIAD]
2012-08-06 17:47:45,314 INFO  [log] pos:44
2012-08-06 17:47:45,314 INFO  [log] id : [003K000000HKhhkIAD]
2012-08-06 17:47:45,314 INFO  [log] pos:45
2012-08-06 17:47:45,314 INFO  [log] id : [003K000000HKhnrIAD]
2012-08-06 17:47:45,314 INFO  [log] pos:46
2012-08-06 17:47:45,314 INFO  [log] id : [003K000000HKhnsIAD]
2012-08-06 17:47:45,314 INFO  [log] pos:47
2012-08-06 17:47:45,315 INFO  [log] id : [003K000000HKhntIAD]
2012-08-06 17:47:45,315 INFO  [log] pos:48
2012-08-06 17:47:45,315 INFO  [log] id : [003K000000HKhnuIAD]
2012-08-06 17:47:45,315 INFO  [log] pos:49
2012-08-06 17:47:45,315 INFO  [log] id : [003K000000HKhnvIAD]
2012-08-06 17:47:45,315 INFO  [log] pos:50
2012-08-06 17:47:45,315 INFO  [log] id : [003K000000HKhnwIAD]
2012-08-06 17:47:45,315 INFO  [log] pos:51
2012-08-06 17:47:45,316 INFO  [log] id : [003K000000HKhnxIAD]
2012-08-06 17:47:45,316 INFO  [log] pos:52
2012-08-06 17:47:45,316 INFO  [log] id : [003K000000HKhnyIAD]
2012-08-06 17:47:45,316 INFO  [log] pos:53
2012-08-06 17:47:45,316 INFO  [log] id : [003K000000HKhnzIAD]
2012-08-06 17:47:45,316 INFO  [log] pos:54
2012-08-06 17:47:45,316 INFO  [log] id : [003K000000HKho0IAD]
2012-08-06 17:47:45,316 INFO  [log] pos:55
2012-08-06 17:47:45,317 INFO  [log] id : [003K000000HKho1IAD]
2012-08-06 17:47:45,317 INFO  [log] pos:56
2012-08-06 17:47:45,317 INFO  [log] id : [003K000000HKho2IAD]
2012-08-06 17:47:45,317 INFO  [log] pos:57
2012-08-06 17:47:45,317 INFO  [log] id : [003K000000HKho3IAD]
2012-08-06 17:47:45,317 INFO  [log] pos:58
2012-08-06 17:47:45,317 INFO  [log] id : [003K000000HKho4IAD]
2012-08-06 17:47:45,317 INFO  [log] pos:59
2012-08-06 17:47:45,317 INFO  [log] id : [003K000000HKho5IAD]
2012-08-06 17:47:45,318 INFO  [log] pos:60
2012-08-06 17:47:45,318 INFO  [log] id : [003K000000HKho6IAD]
2012-08-06 17:47:45,318 INFO  [log] pos:61
2012-08-06 17:47:45,318 INFO  [log] id : [003K000000HKho7IAD]
2012-08-06 17:47:45,318 INFO  [log] pos:62
2012-08-06 17:47:45,318 INFO  [log] id : [003K000000HKho8IAD]
2012-08-06 17:47:45,318 INFO  [log] pos:63
2012-08-06 17:47:45,318 INFO  [log] id : [003K000000HKho9IAD]
2012-08-06 17:47:45,318 INFO  [log] pos:64
2012-08-06 17:47:45,319 INFO  [log] id : [003K000000HKhoAIAT]
2012-08-06 17:47:45,319 INFO  [log] pos:65
2012-08-06 17:47:45,319 INFO  [log] id : [003K000000HKhoBIAT]
2012-08-06 17:47:45,319 INFO  [log] pos:66
2012-08-06 17:47:45,319 INFO  [log] id : [003K000000HKhoCIAT]
2012-08-06 17:47:45,319 INFO  [log] pos:67
2012-08-06 17:47:45,319 INFO  [log] id : [003K000000HKhoDIAT]
2012-08-06 17:47:45,319 INFO  [log] pos:68
2012-08-06 17:47:45,319 INFO  [log] id : [003K000000HKhtpIAD]
2012-08-06 17:47:45,320 INFO  [log] pos:69
2012-08-06 17:47:45,320 INFO  [log] id : [003K000000HKhtqIAD]
2012-08-06 17:47:45,320 INFO  [log] pos:70
2012-08-06 17:47:45,320 INFO  [log] id : [003K000000HKhtrIAD]
2012-08-06 17:47:45,320 INFO  [log] pos:71
2012-08-06 17:47:45,320 INFO  [log] id : [003K000000HKhtsIAD]
2012-08-06 17:47:45,320 INFO  [log] pos:72
2012-08-06 17:47:45,320 INFO  [log] id : [003K000000HKhttIAD]
2012-08-06 17:47:45,320 INFO  [log] pos:73
2012-08-06 17:47:45,321 INFO  [log] id : [003K000000HKhtuIAD]
2012-08-06 17:47:45,321 INFO  [log] pos:74
2012-08-06 17:47:45,321 INFO  [log] id : [003K000000HKhtvIAD]
2012-08-06 17:47:45,321 INFO  [log] pos:75
2012-08-06 17:47:45,321 INFO  [log] id : [003K000000HKhtwIAD]
2012-08-06 17:47:45,321 INFO  [log] pos:76
2012-08-06 17:47:45,321 INFO  [log] id : [003K000000HKhtxIAD]
2012-08-06 17:47:45,321 INFO  [log] pos:77
2012-08-06 17:47:45,322 INFO  [log] id : [003K000000HKhtyIAD]
2012-08-06 17:47:45,322 INFO  [log] pos:78
2012-08-06 17:47:45,322 INFO  [log] id : [003K000000HKhtzIAD]
2012-08-06 17:47:45,322 INFO  [log] pos:79
2012-08-06 17:47:45,322 INFO  [log] id : [003K000000HKhu0IAD]
2012-08-06 17:47:45,322 INFO  [log] pos:80
2012-08-06 17:47:45,322 INFO  [log] id : [003K000000HKhu1IAD]
2012-08-06 17:47:45,323 INFO  [log] pos:81
2012-08-06 17:47:45,323 INFO  [log] id : [003K000000HKhu2IAD]
2012-08-06 17:47:45,323 INFO  [log] pos:82
2012-08-06 17:47:45,324 INFO  [log] id : [003K000000HKhu3IAD]
2012-08-06 17:47:45,324 INFO  [log] pos:83
2012-08-06 17:47:45,324 INFO  [log] id : [003K000000HKhu4IAD]
2012-08-06 17:47:45,324 INFO  [log] pos:84
2012-08-06 17:47:45,324 INFO  [log] id : [003K000000HKhu5IAD]
2012-08-06 17:47:45,324 INFO  [log] pos:85
2012-08-06 17:47:45,324 INFO  [log] id : [003K000000HKhu6IAD]
2012-08-06 17:47:45,324 INFO  [log] pos:86
2012-08-06 17:47:45,324 INFO  [log] id : [003K000000HKhu7IAD]
2012-08-06 17:47:45,325 INFO  [log] pos:87
2012-08-06 17:47:45,325 INFO  [log] id : [003K000000HKhu8IAD]
2012-08-06 17:47:45,325 INFO  [log] pos:88
2012-08-06 17:47:45,326 INFO  [log] id : [003K000000HKhu9IAD]
2012-08-06 17:47:45,326 INFO  [log] pos:89
2012-08-06 17:47:45,326 INFO  [log] id : [003K000000HKhuAIAT]
2012-08-06 17:47:45,326 INFO  [log] pos:90
2012-08-06 17:47:45,326 INFO  [log] id : [003K000000HKhuBIAT]
2012-08-06 17:47:45,326 INFO  [log] pos:91
2012-08-06 17:47:45,326 INFO  [log] id : [003K000000HKhzlIAD]
2012-08-06 17:47:45,327 INFO  [log] pos:92
2012-08-06 17:47:45,327 INFO  [log] id : [003K000000HKhzmIAD]
2012-08-06 17:47:45,327 INFO  [log] pos:93
2012-08-06 17:47:45,327 INFO  [log] id : [003K000000HKhznIAD]
2012-08-06 17:47:45,327 INFO  [log] pos:94
2012-08-06 17:47:45,327 INFO  [log] id : [003K000000HKhzoIAD]
2012-08-06 17:47:45,327 INFO  [log] pos:95
2012-08-06 17:47:45,327 INFO  [log] id : [003K000000HKhzpIAD]
2012-08-06 17:47:45,327 INFO  [log] pos:96
2012-08-06 17:47:45,328 INFO  [log] id : [003K000000HKhzqIAD]
2012-08-06 17:47:45,328 INFO  [log] pos:97
2012-08-06 17:47:45,328 INFO  [log] id : [003K000000HKhzrIAD]
2012-08-06 17:47:45,328 INFO  [log] pos:98
2012-08-06 17:47:45,328 INFO  [log] id : [003K000000HKhzsIAD]
2012-08-06 17:47:45,328 INFO  [log] pos:99
2012-08-06 17:47:45,328 INFO  [log] id : [003K000000HKhztIAD]
2012-08-06 17:47:45,328 INFO  [log] pos:100
2012-08-06 17:47:45,329 INFO  [log] id : [003K000000HKhzuIAD]
2012-08-06 17:47:45,329 INFO  [log] pos:101
2012-08-06 17:47:45,329 INFO  [log] id : [003K000000HKhzvIAD]
2012-08-06 17:47:45,329 INFO  [log] pos:102
2012-08-06 17:47:45,329 INFO  [log] id : [003K000000HKhzwIAD]
2012-08-06 17:47:45,329 INFO  [log] pos:103
2012-08-06 17:47:45,329 INFO  [log] id : [003K000000HKhzxIAD]
2012-08-06 17:47:45,329 INFO  [log] pos:104
2012-08-06 17:47:45,330 INFO  [log] id : [003K000000HKhzyIAD]
2012-08-06 17:47:45,330 INFO  [log] pos:105
2012-08-06 17:47:45,330 INFO  [log] id : [003K000000HKhzzIAD]
2012-08-06 17:47:45,330 INFO  [log] pos:106
2012-08-06 17:47:45,330 INFO  [log] id : [003K000000HKi00IAD]
2012-08-06 17:47:45,330 INFO  [log] pos:107
2012-08-06 17:47:45,330 INFO  [log] id : [003K000000HKi01IAD]
2012-08-06 17:47:45,330 INFO  [log] pos:108
2012-08-06 17:47:45,330 INFO  [log] id : [003K000000HKi02IAD]
2012-08-06 17:47:45,331 INFO  [log] pos:109
2012-08-06 17:47:45,331 INFO  [log] id : [003K000000HKi03IAD]
2012-08-06 17:47:45,331 INFO  [log] pos:110
2012-08-06 17:47:45,331 INFO  [log] id : [003K000000HKi04IAD]
2012-08-06 17:47:45,331 INFO  [log] pos:111
2012-08-06 17:47:45,331 INFO  [log] id : [003K000000HKi05IAD]
2012-08-06 17:47:45,331 INFO  [log] pos:112
2012-08-06 17:47:45,331 INFO  [log] id : [003K000000HKi06IAD]
2012-08-06 17:47:45,331 INFO  [log] pos:113
2012-08-06 17:47:45,332 INFO  [log] id : [003K000000HKi07IAD]
2012-08-06 17:47:45,332 INFO  [log] pos:114
2012-08-06 17:47:45,332 INFO  [log] id : [003K000000HKi08IAD]
2012-08-06 17:47:45,332 INFO  [log] pos:115
2012-08-06 17:47:45,332 INFO  [log] id : [003K000000HKi5dIAD]
2012-08-06 17:47:45,332 INFO  [log] pos:116
2012-08-06 17:47:45,332 INFO  [log] id : [003K000000HKi5eIAD]
2012-08-06 17:47:45,332 INFO  [log] pos:117
2012-08-06 17:47:45,332 INFO  [log] id : [003K000000HKi5fIAD]
2012-08-06 17:47:45,333 INFO  [log] pos:118
2012-08-06 17:47:45,333 INFO  [log] id : [003K000000HKi5gIAD]
2012-08-06 17:47:45,333 INFO  [log] pos:119
2012-08-06 17:47:45,333 INFO  [log] id : [003K000000HKi5hIAD]
2012-08-06 17:47:45,333 INFO  [log] pos:120
2012-08-06 17:47:45,333 INFO  [log] id : [003K000000HKi5iIAD]
2012-08-06 17:47:45,333 INFO  [log] pos:121
2012-08-06 17:47:45,333 INFO  [log] id : [003K000000HKi5jIAD]
2012-08-06 17:47:45,334 INFO  [log] pos:122
2012-08-06 17:47:45,334 INFO  [log] id : [003K000000HKi5kIAD]
2012-08-06 17:47:45,334 INFO  [log] pos:123
2012-08-06 17:47:45,334 INFO  [log] id : [003K000000HKi5lIAD]
2012-08-06 17:47:45,334 INFO  [log] pos:124
2012-08-06 17:47:45,334 INFO  [log] id : [003K000000HKi5mIAD]
2012-08-06 17:47:45,334 INFO  [log] pos:125
2012-08-06 17:47:45,334 INFO  [log] id : [003K000000HKi5nIAD]
2012-08-06 17:47:45,334 INFO  [log] pos:126
2012-08-06 17:47:45,335 INFO  [log] id : [003K000000HKi5oIAD]
2012-08-06 17:47:45,335 INFO  [log] pos:127
2012-08-06 17:47:45,335 INFO  [log] id : [003K000000HKi5pIAD]
2012-08-06 17:47:45,335 INFO  [log] pos:128
2012-08-06 17:47:45,335 INFO  [log] id : [003K000000HKi5qIAD]
2012-08-06 17:47:45,335 INFO  [log] pos:129
2012-08-06 17:47:45,335 INFO  [log] id : [003K000000HKi5rIAD]
2012-08-06 17:47:45,335 INFO  [log] pos:130
2012-08-06 17:47:45,336 INFO  [log] id : [003K000000HKi5sIAD]
2012-08-06 17:47:45,336 INFO  [log] pos:131
2012-08-06 17:47:45,336 INFO  [log] id : [003K000000HKi5tIAD]
2012-08-06 17:47:45,336 INFO  [log] pos:132
2012-08-06 17:47:45,336 INFO  [log] id : [003K000000HKi5uIAD]
2012-08-06 17:47:45,336 INFO  [log] pos:133
2012-08-06 17:47:45,336 INFO  [log] id : [003K000000HKi5vIAD]
2012-08-06 17:47:45,336 INFO  [log] pos:134
2012-08-06 17:47:45,336 INFO  [log] id : [003K000000HKi5wIAD]
2012-08-06 17:47:45,337 INFO  [log] pos:135
2012-08-06 17:47:45,337 INFO  [log] id : [003K000000HKi5xIAD]
2012-08-06 17:47:45,337 INFO  [log] pos:136
2012-08-06 17:47:45,337 INFO  [log] id : [003K000000HKi5yIAD]
2012-08-06 17:47:45,337 INFO  [log] pos:137
2012-08-06 17:47:45,337 INFO  [log] id : [003K000000HKi5zIAD]
2012-08-06 17:47:45,337 INFO  [log] pos:138
2012-08-06 17:47:45,338 INFO  [log] id : [003K000000HKiBZIA1]
2012-08-06 17:47:45,338 INFO  [log] pos:139
2012-08-06 17:47:45,338 INFO  [log] id : [003K000000HKiBaIAL]
2012-08-06 17:47:45,338 INFO  [log] pos:140
2012-08-06 17:47:45,338 INFO  [log] id : [003K000000HKiBbIAL]
2012-08-06 17:47:45,338 INFO  [log] pos:141
2012-08-06 17:47:45,338 INFO  [log] id : [003K000000HKiBcIAL]
2012-08-06 17:47:45,338 INFO  [log] pos:142
2012-08-06 17:47:45,338 INFO  [log] id : [003K000000HKiBdIAL]
2012-08-06 17:47:45,339 INFO  [log] pos:143
2012-08-06 17:47:45,339 INFO  [log] id : [003K000000HKiBeIAL]
2012-08-06 17:47:45,339 INFO  [log] pos:144
2012-08-06 17:47:45,339 INFO  [log] id : [003K000000HKiBfIAL]
2012-08-06 17:47:45,339 INFO  [log] pos:145
2012-08-06 17:47:45,339 INFO  [log] id : [003K000000HKiBgIAL]
2012-08-06 17:47:45,339 INFO  [log] pos:146
2012-08-06 17:47:45,339 INFO  [log] id : [003K000000HKiBhIAL]
2012-08-06 17:47:45,339 INFO  [log] pos:147
2012-08-06 17:47:45,340 INFO  [log] id : [003K000000HKiBiIAL]
2012-08-06 17:47:45,340 INFO  [log] pos:148
2012-08-06 17:47:45,340 INFO  [log] id : [003K000000HKiBjIAL]
2012-08-06 17:47:45,340 INFO  [log] pos:149
2012-08-06 17:47:45,340 INFO  [log] id : [003K000000HKiBkIAL]
2012-08-06 17:47:45,340 INFO  [log] pos:150
2012-08-06 17:47:45,340 INFO  [log] id : [003K000000HKiBlIAL]
2012-08-06 17:47:45,340 INFO  [log] pos:151
2012-08-06 17:47:45,341 INFO  [log] id : [003K000000HKiBmIAL]
2012-08-06 17:47:45,341 INFO  [log] pos:152
2012-08-06 17:47:45,341 INFO  [log] id : [003K000000HKiBnIAL]
2012-08-06 17:47:45,341 INFO  [log] pos:153
2012-08-06 17:47:45,341 INFO  [log] id : [003K000000HKiBoIAL]
2012-08-06 17:47:45,341 INFO  [log] pos:154
2012-08-06 17:47:45,341 INFO  [log] id : [003K000000HKiBpIAL]
2012-08-06 17:47:45,341 INFO  [log] pos:155
2012-08-06 17:47:45,342 INFO  [log] id : [003K000000HKiBqIAL]
2012-08-06 17:47:45,342 INFO  [log] pos:156
2012-08-06 17:47:45,342 INFO  [log] id : [003K000000HKiBrIAL]
2012-08-06 17:47:45,342 INFO  [log] pos:157
2012-08-06 17:47:45,342 INFO  [log] id : [003K000000HKiBsIAL]
2012-08-06 17:47:45,342 INFO  [log] pos:158
2012-08-06 17:47:45,342 INFO  [log] id : [003K000000HKiBtIAL]
2012-08-06 17:47:45,342 INFO  [log] pos:159
2012-08-06 17:47:45,343 INFO  [log] id : [003K000000HKiBuIAL]
2012-08-06 17:47:45,343 INFO  [log] pos:160
2012-08-06 17:47:45,343 INFO  [log] id : [003K000000HKiBvIAL]
2012-08-06 17:47:45,343 INFO  [log] pos:161
2012-08-06 17:47:45,343 INFO  [log] id : [003K000000HKiHUIA1]
2012-08-06 17:47:45,343 INFO  [log] pos:162
2012-08-06 17:47:45,343 INFO  [log] id : [003K000000HKiHVIA1]
2012-08-06 17:47:45,344 INFO  [log] pos:163
2012-08-06 17:47:45,344 INFO  [log] id : [003K000000HKiHWIA1]
2012-08-06 17:47:45,344 INFO  [log] pos:164
2012-08-06 17:47:45,344 INFO  [log] id : [003K000000HKiHXIA1]
2012-08-06 17:47:45,344 INFO  [log] pos:165
2012-08-06 17:47:45,345 INFO  [log] id : [003K000000HKiHYIA1]
2012-08-06 17:47:45,345 INFO  [log] pos:166
2012-08-06 17:47:45,345 INFO  [log] id : [003K000000HKiHZIA1]
2012-08-06 17:47:45,357 INFO  [log] pos:167
2012-08-06 17:47:45,357 INFO  [log] id : [003K000000HKiHaIAL]
2012-08-06 17:47:45,357 INFO  [log] pos:168
2012-08-06 17:47:45,357 INFO  [log] id : [003K000000HKiHbIAL]
2012-08-06 17:47:45,357 INFO  [log] pos:169
2012-08-06 17:47:45,357 INFO  [log] id : [003K000000HKiHcIAL]
2012-08-06 17:47:45,358 INFO  [log] pos:170
2012-08-06 17:47:45,358 INFO  [log] id : [003K000000HKiHdIAL]
2012-08-06 17:47:45,358 INFO  [log] pos:171
2012-08-06 17:47:45,358 INFO  [log] id : [003K000000HKiHeIAL]
2012-08-06 17:47:45,358 INFO  [log] pos:172
2012-08-06 17:47:45,358 INFO  [log] id : [003K000000HKiHfIAL]
2012-08-06 17:47:45,358 INFO  [log] pos:173
2012-08-06 17:47:45,359 INFO  [log] id : [003K000000HKiHgIAL]
2012-08-06 17:47:45,359 INFO  [log] pos:174
2012-08-06 17:47:45,359 INFO  [log] id : [003K000000HKiHhIAL]
2012-08-06 17:47:45,359 INFO  [log] pos:175
2012-08-06 17:47:45,359 INFO  [log] id : [003K000000HKiHiIAL]
2012-08-06 17:47:45,359 INFO  [log] pos:176
2012-08-06 17:47:45,359 INFO  [log] id : [003K000000HKiHjIAL]
2012-08-06 17:47:45,359 INFO  [log] pos:177
2012-08-06 17:47:45,360 INFO  [log] id : [003K000000HKiHkIAL]
2012-08-06 17:47:45,360 INFO  [log] pos:178
2012-08-06 17:47:45,360 INFO  [log] id : [003K000000HKiHlIAL]
2012-08-06 17:47:45,360 INFO  [log] pos:179
2012-08-06 17:47:45,360 INFO  [log] id : [003K000000HKiHmIAL]
2012-08-06 17:47:45,360 INFO  [log] pos:180
2012-08-06 17:47:45,360 INFO  [log] id : [003K000000HKiHnIAL]
2012-08-06 17:47:45,360 INFO  [log] pos:181
2012-08-06 17:47:45,361 INFO  [log] id : [003K000000HKiHoIAL]
2012-08-06 17:47:45,361 INFO  [log] pos:182
2012-08-06 17:47:45,361 INFO  [log] id : [003K000000HKiHpIAL]
2012-08-06 17:47:45,361 INFO  [log] pos:183
2012-08-06 17:47:45,361 INFO  [log] id : [003K000000HKiHqIAL]
2012-08-06 17:47:45,361 INFO  [log] pos:184
2012-08-06 17:47:45,361 INFO  [log] id : [003K000000HKiNFIA1]
2012-08-06 17:47:45,362 INFO  [log] pos:185
2012-08-06 17:47:45,362 INFO  [log] id : [003K000000HKiNGIA1]
2012-08-06 17:47:45,362 INFO  [log] pos:186
2012-08-06 17:47:45,362 INFO  [log] id : [003K000000HKiNHIA1]
2012-08-06 17:47:45,362 INFO  [log] pos:187
2012-08-06 17:47:45,362 INFO  [log] id : [003K000000HKiNIIA1]
2012-08-06 17:47:45,362 INFO  [log] pos:188
2012-08-06 17:47:45,363 INFO  [log] id : [003K000000HKiNJIA1]
2012-08-06 17:47:45,363 INFO  [log] pos:189
2012-08-06 17:47:45,363 INFO  [log] id : [003K000000HKiNKIA1]
2012-08-06 17:47:45,363 INFO  [log] pos:190
2012-08-06 17:47:45,363 INFO  [log] id : [003K000000HKiNLIA1]
2012-08-06 17:47:45,363 INFO  [log] pos:191
2012-08-06 17:47:45,363 INFO  [log] id : [003K000000HKiNMIA1]
2012-08-06 17:47:45,364 INFO  [log] pos:192
2012-08-06 17:47:45,364 INFO  [log] id : [003K000000HKiNNIA1]
2012-08-06 17:47:45,364 INFO  [log] pos:193
2012-08-06 17:47:45,364 INFO  [log] id : [003K000000HKiNOIA1]
2012-08-06 17:47:45,364 INFO  [log] pos:194
2012-08-06 17:47:45,364 INFO  [log] id : [003K000000HKiNPIA1]
2012-08-06 17:47:45,364 INFO  [log] pos:195
2012-08-06 17:47:45,365 INFO  [log] id : [003K000000HKiNQIA1]
2012-08-06 17:47:45,365 INFO  [log] pos:196
2012-08-06 17:47:45,365 INFO  [log] id : [003K000000HKiNRIA1]
2012-08-06 17:47:45,365 INFO  [log] pos:197
2012-08-06 17:47:45,365 INFO  [log] id : [003K000000HKiNSIA1]
2012-08-06 17:47:45,365 INFO  [log] pos:198
2012-08-06 17:47:45,365 INFO  [log] id : [003K000000HKiNTIA1]
2012-08-06 17:47:45,366 INFO  [log] pos:199
2012-08-06 17:47:45,366 INFO  [log] id : [003K000000HKiNUIA1]
2012-08-06 17:47:45,366 INFO  [log] pos:200
2012-08-06 17:47:45,389 INFO  [log] RESPONSE..STATUS XML<soapenv:Envelope xmlns:soapenv="http://schemas.xmlsoap.org/soap/envelope/" xmlns="urn:enterprise.soap.sforce.com" xmlns:sf="urn:sobject.enterprise.soap.sforce.com" xmlns:xsi="http://www.w3.org/2001/XMLSchema-instance">
   <soapenv:Body>
      <queryResponse>
         <result>
            <done>false</done>
            <queryLocator>01gK0000002FFbhIAG-200</queryLocator>
            <records xsi:type="sf:Contact">
               <sf:Id>003K000000HKkByIAL</sf:Id>
               <sf:FirstName>Jermaine</sf:FirstName>
               <sf:LastName>Hill</sf:LastName>
               <sf:OwnerId>005K0000000ZvOPIA0</sf:OwnerId>
            </records>
            <records xsi:type="sf:Contact">
               <sf:Id>003K000000HKkBzIAL</sf:Id>
               <sf:FirstName>Nissim</sf:FirstName>
               <sf:LastName>Gilbert</sf:LastName>
               <sf:OwnerId>005K0000000ZvOPIA0</sf:OwnerId>
            </records>
            <records xsi:type="sf:Contact">
               <sf:Id>003K000000HKkC0IAL</sf:Id>
               <sf:FirstName>Nita</sf:FirstName>
               <sf:LastName>Velasquez</sf:LastName>
               <sf:OwnerId>005K0000000ZvOPIA0</sf:OwnerId>
            </records>
            <records xsi:type="sf:Contact">
               <sf:Id>003K000000HKkC1IAL</sf:Id>
               <sf:FirstName>Jolie</sf:FirstName>
               <sf:LastName>Conway</sf:LastName>
               <sf:OwnerId>005K0000000ZvOPIA0</sf:OwnerId>
            </records>
            <records xsi:type="sf:Contact">
               <sf:Id>003K000000HKkC2IAL</sf:Id>
               <sf:FirstName>Eaton</sf:FirstName>
               <sf:LastName>Finch</sf:LastName>
               <sf:OwnerId>005K0000000ZvOPIA0</sf:OwnerId>
            </records>
            <records xsi:type="sf:Contact">
               <sf:Id>003K000000HKkC3IAL</sf:Id>
               <sf:FirstName>Blake</sf:FirstName>
               <sf:LastName>Cotton</sf:LastName>
               <sf:OwnerId>005K0000000ZvOPIA0</sf:OwnerId>
            </records>
            <records xsi:type="sf:Contact">
               <sf:Id>003K000000HKkC4IAL</sf:Id>
               <sf:FirstName>Ifeoma</sf:FirstName>
               <sf:LastName>Robinson</sf:LastName>
               <sf:OwnerId>005K0000000ZvOPIA0</sf:OwnerId>
            </records>
            <records xsi:type="sf:Contact">
               <sf:Id>003K000000HKkC5IAL</sf:Id>
               <sf:FirstName>Francesca</sf:FirstName>
               <sf:LastName>Aguirre</sf:LastName>
               <sf:OwnerId>005K0000000ZvOPIA0</sf:OwnerId>
            </records>
            <records xsi:type="sf:Contact">
               <sf:Id>003K000000HKkC6IAL</sf:Id>
               <sf:FirstName>Lana</sf:FirstName>
               <sf:LastName>Mendez</sf:LastName>
               <sf:OwnerId>005K0000000ZvOPIA0</sf:OwnerId>
            </records>
            <records xsi:type="sf:Contact">
               <sf:Id>003K000000HKkC7IAL</sf:Id>
               <sf:FirstName>Armando</sf:FirstName>
               <sf:LastName>Waller</sf:LastName>
               <sf:OwnerId>005K0000000ZvOPIA0</sf:OwnerId>
            </records>
            <records xsi:type="sf:Contact">
               <sf:Id>003K000000HKkC8IAL</sf:Id>
               <sf:FirstName>Matthew</sf:FirstName>
               <sf:LastName>Bates</sf:LastName>
               <sf:OwnerId>005K0000000ZvOPIA0</sf:OwnerId>
            </records>
            <records xsi:type="sf:Contact">
               <sf:Id>003K000000HKkC9IAL</sf:Id>
               <sf:FirstName>Suki</sf:FirstName>
               <sf:LastName>Richardson</sf:LastName>
               <sf:OwnerId>005K0000000ZvOPIA0</sf:OwnerId>
            </records>
            <records xsi:type="sf:Contact">
               <sf:Id>003K000000HKkCAIA1</sf:Id>
               <sf:FirstName>Breanna</sf:FirstName>
               <sf:LastName>Holcomb</sf:LastName>
               <sf:OwnerId>005K0000000ZvOPIA0</sf:OwnerId>
            </records>
            <records xsi:type="sf:Contact">
               <sf:Id>003K000000HKkCBIA1</sf:Id>
               <sf:FirstName>Cameran</sf:FirstName>
               <sf:LastName>Pickett</sf:LastName>
               <sf:OwnerId>005K0000000ZvOPIA0</sf:OwnerId>
            </records>
            <records xsi:type="sf:Contact">
               <sf:Id>003K000000HKkCCIA1</sf:Id>
               <sf:FirstName>Amber</sf:FirstName>
               <sf:LastName>Cantu</sf:LastName>
               <sf:OwnerId>005K0000000ZvOPIA0</sf:OwnerId>
            </records>
            <records xsi:type="sf:Contact">
               <sf:Id>003K000000HKkCDIA1</sf:Id>
               <sf:FirstName>Ashely</sf:FirstName>
               <sf:LastName>Travis</sf:LastName>
               <sf:OwnerId>005K0000000ZvOPIA0</sf:OwnerId>
            </records>
            <records xsi:type="sf:Contact">
               <sf:Id>003K000000HKkCEIA1</sf:Id>
               <sf:FirstName>Stewart</sf:FirstName>
               <sf:LastName>Burris</sf:LastName>
               <sf:OwnerId>005K0000000ZvOPIA0</sf:OwnerId>
            </records>
            <records xsi:type="sf:Contact">
               <sf:Id>003K000000HKkCFIA1</sf:Id>
               <sf:FirstName>Tucker</sf:FirstName>
               <sf:LastName>Wilkinson</sf:LastName>
               <sf:OwnerId>005K0000000ZvOPIA0</sf:OwnerId>
            </records>
            <records xsi:type="sf:Contact">
               <sf:Id>003K000000HKkCGIA1</sf:Id>
               <sf:FirstName>Jonas</sf:FirstName>
               <sf:LastName>Berg</sf:LastName>
               <sf:OwnerId>005K0000000ZvOPIA0</sf:OwnerId>
            </records>
            <records xsi:type="sf:Contact">
               <sf:Id>003K000000HKkCHIA1</sf:Id>
               <sf:FirstName>Linda</sf:FirstName>
               <sf:LastName>Morton</sf:LastName>
               <sf:OwnerId>005K0000000ZvOPIA0</sf:OwnerId>
            </records>
            <records xsi:type="sf:Contact">
               <sf:Id>003K000000HKkCIIA1</sf:Id>
               <sf:FirstName>Dorian</sf:FirstName>
               <sf:LastName>Woodward</sf:LastName>
               <sf:OwnerId>005K0000000ZvOPIA0</sf:OwnerId>
            </records>
            <records xsi:type="sf:Contact">
               <sf:Id>003K000000HKkCJIA1</sf:Id>
               <sf:FirstName>Mikayla</sf:FirstName>
               <sf:LastName>Cole</sf:LastName>
               <sf:OwnerId>005K0000000ZvOPIA0</sf:OwnerId>
            </records>
            <records xsi:type="sf:Contact">
               <sf:Id>003K000000HKhhOIAT</sf:Id>
               <sf:FirstName>Christian</sf:FirstName>
               <sf:LastName>Ray</sf:LastName>
               <sf:OwnerId>005K0000000ZvOPIA0</sf:OwnerId>
            </records>
            <records xsi:type="sf:Contact">
               <sf:Id>003K000000HKhhPIAT</sf:Id>
               <sf:FirstName>Lysandra</sf:FirstName>
               <sf:LastName>Witt</sf:LastName>
               <sf:OwnerId>005K0000000ZvOPIA0</sf:OwnerId>
            </records>
            <records xsi:type="sf:Contact">
               <sf:Id>003K000000HKhhQIAT</sf:Id>
               <sf:FirstName>Joelle</sf:FirstName>
               <sf:LastName>Christian</sf:LastName>
               <sf:OwnerId>005K0000000ZvOPIA0</sf:OwnerId>
            </records>
            <records xsi:type="sf:Contact">
               <sf:Id>003K000000HKhhRIAT</sf:Id>
               <sf:FirstName>Evelyn</sf:FirstName>
               <sf:LastName>Mcintyre</sf:LastName>
               <sf:OwnerId>005K0000000ZvOPIA0</sf:OwnerId>
            </records>
            <records xsi:type="sf:Contact">
               <sf:Id>003K000000HKhhSIAT</sf:Id>
               <sf:FirstName>Lamar</sf:FirstName>
               <sf:LastName>Drake</sf:LastName>
               <sf:OwnerId>005K0000000ZvOPIA0</sf:OwnerId>
            </records>
            <records xsi:type="sf:Contact">
               <sf:Id>003K000000HKhhTIAT</sf:Id>
               <sf:FirstName>Brandon</sf:FirstName>
               <sf:LastName>Clemons</sf:LastName>
               <sf:OwnerId>005K0000000ZvOPIA0</sf:OwnerId>
            </records>
            <records xsi:type="sf:Contact">
               <sf:Id>003K000000HKhhUIAT</sf:Id>
               <sf:FirstName>Uma</sf:FirstName>
               <sf:LastName>Trujillo</sf:LastName>
               <sf:OwnerId>005K0000000ZvOPIA0</sf:OwnerId>
            </records>
            <records xsi:type="sf:Contact">
               <sf:Id>003K000000HKhhVIAT</sf:Id>
               <sf:FirstName>Pandora</sf:FirstName>
               <sf:LastName>Beard</sf:LastName>
               <sf:OwnerId>005K0000000ZvOPIA0</sf:OwnerId>
            </records>
            <records xsi:type="sf:Contact">
               <sf:Id>003K000000HKhhWIAT</sf:Id>
               <sf:FirstName>Hall</sf:FirstName>
               <sf:LastName>Estrada</sf:LastName>
               <sf:OwnerId>005K0000000ZvOPIA0</sf:OwnerId>
            </records>
            <records xsi:type="sf:Contact">
               <sf:Id>003K000000HKhhXIAT</sf:Id>
               <sf:FirstName>Juliet</sf:FirstName>
               <sf:LastName>Dominguez</sf:LastName>
               <sf:OwnerId>005K0000000ZvOPIA0</sf:OwnerId>
            </records>
            <records xsi:type="sf:Contact">
               <sf:Id>003K000000HKhhYIAT</sf:Id>
               <sf:FirstName>Ferdinand</sf:FirstName>
               <sf:LastName>Solis</sf:LastName>
               <sf:OwnerId>005K0000000ZvOPIA0</sf:OwnerId>
            </records>
            <records xsi:type="sf:Contact">
               <sf:Id>003K000000HKhhZIAT</sf:Id>
               <sf:FirstName>Nolan</sf:FirstName>
               <sf:LastName>Camacho</sf:LastName>
               <sf:OwnerId>005K0000000ZvOPIA0</sf:OwnerId>
            </records>
            <records xsi:type="sf:Contact">
               <sf:Id>003K000000HKhhaIAD</sf:Id>
               <sf:FirstName>Brendan</sf:FirstName>
               <sf:LastName>Bonner</sf:LastName>
               <sf:OwnerId>005K0000000ZvOPIA0</sf:OwnerId>
            </records>
            <records xsi:type="sf:Contact">
               <sf:Id>003K000000HKhhbIAD</sf:Id>
               <sf:FirstName>Amena</sf:FirstName>
               <sf:LastName>Franklin</sf:LastName>
               <sf:OwnerId>005K0000000ZvOPIA0</sf:OwnerId>
            </records>
            <records xsi:type="sf:Contact">
               <sf:Id>003K000000HKhhcIAD</sf:Id>
               <sf:FirstName>Paul</sf:FirstName>
               <sf:LastName>Ware</sf:LastName>
               <sf:OwnerId>005K0000000ZvOPIA0</sf:OwnerId>
            </records>
            <records xsi:type="sf:Contact">
               <sf:Id>003K000000HKhhdIAD</sf:Id>
               <sf:FirstName>Lenore</sf:FirstName>
               <sf:LastName>Mullen</sf:LastName>
               <sf:OwnerId>005K0000000ZvOPIA0</sf:OwnerId>
            </records>
            <records xsi:type="sf:Contact">
               <sf:Id>003K000000HKhheIAD</sf:Id>
               <sf:FirstName>Barrett</sf:FirstName>
               <sf:LastName>Pratt</sf:LastName>
               <sf:OwnerId>005K0000000ZvOPIA0</sf:OwnerId>
            </records>
            <records xsi:type="sf:Contact">
               <sf:Id>003K000000HKhhfIAD</sf:Id>
               <sf:FirstName>Raya</sf:FirstName>
               <sf:LastName>Green</sf:LastName>
               <sf:OwnerId>005K0000000ZvOPIA0</sf:OwnerId>
            </records>
            <records xsi:type="sf:Contact">
               <sf:Id>003K000000HKhhgIAD</sf:Id>
               <sf:FirstName>Emerald</sf:FirstName>
               <sf:LastName>Mendez</sf:LastName>
               <sf:OwnerId>005K0000000ZvOPIA0</sf:OwnerId>
            </records>
            <records xsi:type="sf:Contact">
               <sf:Id>003K000000HKhhhIAD</sf:Id>
               <sf:FirstName>Belle</sf:FirstName>
               <sf:LastName>Hendrix</sf:LastName>
               <sf:OwnerId>005K0000000ZvOPIA0</sf:OwnerId>
            </records>
            <records xsi:type="sf:Contact">
               <sf:Id>003K000000HKhhiIAD</sf:Id>
               <sf:FirstName>Kelsie</sf:FirstName>
               <sf:LastName>Cross</sf:LastName>
               <sf:OwnerId>005K0000000ZvOPIA0</sf:OwnerId>
            </records>
            <records xsi:type="sf:Contact">
               <sf:Id>003K000000HKhhjIAD</sf:Id>
               <sf:FirstName>Plato</sf:FirstName>
               <sf:LastName>Turner</sf:LastName>
               <sf:OwnerId>005K0000000ZvOPIA0</sf:OwnerId>
            </records>
            <records xsi:type="sf:Contact">
               <sf:Id>003K000000HKhhkIAD</sf:Id>
               <sf:FirstName>Taylor</sf:FirstName>
               <sf:LastName>Buckner</sf:LastName>
               <sf:OwnerId>005K0000000ZvOPIA0</sf:OwnerId>
            </records>
            <records xsi:type="sf:Contact">
               <sf:Id>003K000000HKhnrIAD</sf:Id>
               <sf:FirstName>Uriah</sf:FirstName>
               <sf:LastName>Wade</sf:LastName>
               <sf:OwnerId>005K0000000ZvOPIA0</sf:OwnerId>
            </records>
            <records xsi:type="sf:Contact">
               <sf:Id>003K000000HKhnsIAD</sf:Id>
               <sf:FirstName>Felicia</sf:FirstName>
               <sf:LastName>Herman</sf:LastName>
               <sf:OwnerId>005K0000000ZvOPIA0</sf:OwnerId>
            </records>
            <records xsi:type="sf:Contact">
               <sf:Id>003K000000HKhntIAD</sf:Id>
               <sf:FirstName>Fallon</sf:FirstName>
               <sf:LastName>Brewer</sf:LastName>
               <sf:OwnerId>005K0000000ZvOPIA0</sf:OwnerId>
            </records>
            <records xsi:type="sf:Contact">
               <sf:Id>003K000000HKhnuIAD</sf:Id>
               <sf:FirstName>Lyle</sf:FirstName>
               <sf:LastName>Avery</sf:LastName>
               <sf:OwnerId>005K0000000ZvOPIA0</sf:OwnerId>
            </records>
            <records xsi:type="sf:Contact">
               <sf:Id>003K000000HKhnvIAD</sf:Id>
               <sf:FirstName>Laith</sf:FirstName>
               <sf:LastName>Paul</sf:LastName>
               <sf:OwnerId>005K0000000ZvOPIA0</sf:OwnerId>
            </records>
            <records xsi:type="sf:Contact">
               <sf:Id>003K000000HKhnwIAD</sf:Id>
               <sf:FirstName>Colleen</sf:FirstName>
               <sf:LastName>Mueller</sf:LastName>
               <sf:OwnerId>005K0000000ZvOPIA0</sf:OwnerId>
            </records>
            <records xsi:type="sf:Contact">
               <sf:Id>003K000000HKhnxIAD</sf:Id>
               <sf:FirstName>Echo</sf:FirstName>
               <sf:LastName>Cannon</sf:LastName>
               <sf:OwnerId>005K0000000ZvOPIA0</sf:OwnerId>
            </records>
            <records xsi:type="sf:Contact">
               <sf:Id>003K000000HKhnyIAD</sf:Id>
               <sf:FirstName>Risa</sf:FirstName>
               <sf:LastName>Duke</sf:LastName>
               <sf:OwnerId>005K0000000ZvOPIA0</sf:OwnerId>
            </records>
            <records xsi:type="sf:Contact">
               <sf:Id>003K000000HKhnzIAD</sf:Id>
               <sf:FirstName>Owen</sf:FirstName>
               <sf:LastName>Avery</sf:LastName>
               <sf:OwnerId>005K0000000ZvOPIA0</sf:OwnerId>
            </records>
            <records xsi:type="sf:Contact">
               <sf:Id>003K000000HKho0IAD</sf:Id>
               <sf:FirstName>Zenia</sf:FirstName>
               <sf:LastName>Odom</sf:LastName>
               <sf:OwnerId>005K0000000ZvOPIA0</sf:OwnerId>
            </records>
            <records xsi:type="sf:Contact">
               <sf:Id>003K000000HKho1IAD</sf:Id>
               <sf:FirstName>Noel</sf:FirstName>
               <sf:LastName>Horne</sf:LastName>
               <sf:OwnerId>005K0000000ZvOPIA0</sf:OwnerId>
            </records>
            <records xsi:type="sf:Contact">
               <sf:Id>003K000000HKho2IAD</sf:Id>
               <sf:FirstName>Willa</sf:FirstName>
               <sf:LastName>Chambers</sf:LastName>
               <sf:OwnerId>005K0000000ZvOPIA0</sf:OwnerId>
            </records>
            <records xsi:type="sf:Contact">
               <sf:Id>003K000000HKho3IAD</sf:Id>
               <sf:FirstName>Quail</sf:FirstName>
               <sf:LastName>Estrada</sf:LastName>
               <sf:OwnerId>005K0000000ZvOPIA0</sf:OwnerId>
            </records>
            <records xsi:type="sf:Contact">
               <sf:Id>003K000000HKho4IAD</sf:Id>
               <sf:FirstName>Jaquelyn</sf:FirstName>
               <sf:LastName>Duran</sf:LastName>
               <sf:OwnerId>005K0000000ZvOPIA0</sf:OwnerId>
            </records>
            <records xsi:type="sf:Contact">
               <sf:Id>003K000000HKho5IAD</sf:Id>
               <sf:FirstName>Georgia</sf:FirstName>
               <sf:LastName>Franklin</sf:LastName>
               <sf:OwnerId>005K0000000ZvOPIA0</sf:OwnerId>
            </records>
            <records xsi:type="sf:Contact">
               <sf:Id>003K000000HKho6IAD</sf:Id>
               <sf:FirstName>Juliet</sf:FirstName>
               <sf:LastName>Knox</sf:LastName>
               <sf:OwnerId>005K0000000ZvOPIA0</sf:OwnerId>
            </records>
            <records xsi:type="sf:Contact">
               <sf:Id>003K000000HKho7IAD</sf:Id>
               <sf:FirstName>Ila</sf:FirstName>
               <sf:LastName>Maynard</sf:LastName>
               <sf:OwnerId>005K0000000ZvOPIA0</sf:OwnerId>
            </records>
            <records xsi:type="sf:Contact">
               <sf:Id>003K000000HKho8IAD</sf:Id>
               <sf:FirstName>Mufutau</sf:FirstName>
               <sf:LastName>Brock</sf:LastName>
               <sf:OwnerId>005K0000000ZvOPIA0</sf:OwnerId>
            </records>
            <records xsi:type="sf:Contact">
               <sf:Id>003K000000HKho9IAD</sf:Id>
               <sf:FirstName>Chancellor</sf:FirstName>
               <sf:LastName>Mccullough</sf:LastName>
               <sf:OwnerId>005K0000000ZvOPIA0</sf:OwnerId>
            </records>
            <records xsi:type="sf:Contact">
               <sf:Id>003K000000HKhoAIAT</sf:Id>
               <sf:FirstName>Charlotte</sf:FirstName>
               <sf:LastName>Welch</sf:LastName>
               <sf:OwnerId>005K0000000ZvOPIA0</sf:OwnerId>
            </records>
            <records xsi:type="sf:Contact">
               <sf:Id>003K000000HKhoBIAT</sf:Id>
               <sf:FirstName>Walter</sf:FirstName>
               <sf:LastName>Mckay</sf:LastName>
               <sf:OwnerId>005K0000000ZvOPIA0</sf:OwnerId>
            </records>
            <records xsi:type="sf:Contact">
               <sf:Id>003K000000HKhoCIAT</sf:Id>
               <sf:FirstName>Dolan</sf:FirstName>
               <sf:LastName>Powers</sf:LastName>
               <sf:OwnerId>005K0000000ZvOPIA0</sf:OwnerId>
            </records>
            <records xsi:type="sf:Contact">
               <sf:Id>003K000000HKhoDIAT</sf:Id>
               <sf:FirstName>Randall</sf:FirstName>
               <sf:LastName>Mcclure</sf:LastName>
               <sf:OwnerId>005K0000000ZvOPIA0</sf:OwnerId>
            </records>
            <records xsi:type="sf:Contact">
               <sf:Id>003K000000HKhtpIAD</sf:Id>
               <sf:FirstName>Leigh</sf:FirstName>
               <sf:LastName>Campos</sf:LastName>
               <sf:OwnerId>005K0000000ZvOPIA0</sf:OwnerId>
            </records>
            <records xsi:type="sf:Contact">
               <sf:Id>003K000000HKhtqIAD</sf:Id>
               <sf:FirstName>Upton</sf:FirstName>
               <sf:LastName>Morris</sf:LastName>
               <sf:OwnerId>005K0000000ZvOPIA0</sf:OwnerId>
            </records>
            <records xsi:type="sf:Contact">
               <sf:Id>003K000000HKhtrIAD</sf:Id>
               <sf:FirstName>Gail</sf:FirstName>
               <sf:LastName>Glenn</sf:LastName>
               <sf:OwnerId>005K0000000ZvOPIA0</sf:OwnerId>
            </records>
            <records xsi:type="sf:Contact">
               <sf:Id>003K000000HKhtsIAD</sf:Id>
               <sf:FirstName>Heather</sf:FirstName>
               <sf:LastName>Massey</sf:LastName>
               <sf:OwnerId>005K0000000ZvOPIA0</sf:OwnerId>
            </records>
            <records xsi:type="sf:Contact">
               <sf:Id>003K000000HKhttIAD</sf:Id>
               <sf:FirstName>Glenna</sf:FirstName>
               <sf:LastName>Rosa</sf:LastName>
               <sf:OwnerId>005K0000000ZvOPIA0</sf:OwnerId>
            </records>
            <records xsi:type="sf:Contact">
               <sf:Id>003K000000HKhtuIAD</sf:Id>
               <sf:FirstName>Gabriel</sf:FirstName>
               <sf:LastName>Alexander</sf:LastName>
               <sf:OwnerId>005K0000000ZvOPIA0</sf:OwnerId>
            </records>
            <records xsi:type="sf:Contact">
               <sf:Id>003K000000HKhtvIAD</sf:Id>
               <sf:FirstName>Patricia</sf:FirstName>
               <sf:LastName>Graham</sf:LastName>
               <sf:OwnerId>005K0000000ZvOPIA0</sf:OwnerId>
            </records>
            <records xsi:type="sf:Contact">
               <sf:Id>003K000000HKhtwIAD</sf:Id>
               <sf:FirstName>Cheyenne</sf:FirstName>
               <sf:LastName>Atkins</sf:LastName>
               <sf:OwnerId>005K0000000ZvOPIA0</sf:OwnerId>
            </records>
            <records xsi:type="sf:Contact">
               <sf:Id>003K000000HKhtxIAD</sf:Id>
               <sf:FirstName>Rogan</sf:FirstName>
               <sf:LastName>Macdonald</sf:LastName>
               <sf:OwnerId>005K0000000ZvOPIA0</sf:OwnerId>
            </records>
            <records xsi:type="sf:Contact">
               <sf:Id>003K000000HKhtyIAD</sf:Id>
               <sf:FirstName>Aretha</sf:FirstName>
               <sf:LastName>Booker</sf:LastName>
               <sf:OwnerId>005K0000000ZvOPIA0</sf:OwnerId>
            </records>
            <records xsi:type="sf:Contact">
               <sf:Id>003K000000HKhtzIAD</sf:Id>
               <sf:FirstName>Burton</sf:FirstName>
               <sf:LastName>Parker</sf:LastName>
               <sf:OwnerId>005K0000000ZvOPIA0</sf:OwnerId>
            </records>
            <records xsi:type="sf:Contact">
               <sf:Id>003K000000HKhu0IAD</sf:Id>
               <sf:FirstName>Celeste</sf:FirstName>
               <sf:LastName>Sandoval</sf:LastName>
               <sf:OwnerId>005K0000000ZvOPIA0</sf:OwnerId>
            </records>
            <records xsi:type="sf:Contact">
               <sf:Id>003K000000HKhu1IAD</sf:Id>
               <sf:FirstName>Brooke</sf:FirstName>
               <sf:LastName>Puckett</sf:LastName>
               <sf:OwnerId>005K0000000ZvOPIA0</sf:OwnerId>
            </records>
            <records xsi:type="sf:Contact">
               <sf:Id>003K000000HKhu2IAD</sf:Id>
               <sf:FirstName>Whilemina</sf:FirstName>
               <sf:LastName>Gonzales</sf:LastName>
               <sf:OwnerId>005K0000000ZvOPIA0</sf:OwnerId>
            </records>
            <records xsi:type="sf:Contact">
               <sf:Id>003K000000HKhu3IAD</sf:Id>
               <sf:FirstName>Willow</sf:FirstName>
               <sf:LastName>Robertson</sf:LastName>
               <sf:OwnerId>005K0000000ZvOPIA0</sf:OwnerId>
            </records>
            <records xsi:type="sf:Contact">
               <sf:Id>003K000000HKhu4IAD</sf:Id>
               <sf:FirstName>Wyatt</sf:FirstName>
               <sf:LastName>Adkins</sf:LastName>
               <sf:OwnerId>005K0000000ZvOPIA0</sf:OwnerId>
            </records>
            <records xsi:type="sf:Contact">
               <sf:Id>003K000000HKhu5IAD</sf:Id>
               <sf:FirstName>Aline</sf:FirstName>
               <sf:LastName>Duke</sf:LastName>
               <sf:OwnerId>005K0000000ZvOPIA0</sf:OwnerId>
            </records>
            <records xsi:type="sf:Contact">
               <sf:Id>003K000000HKhu6IAD</sf:Id>
               <sf:FirstName>Nero</sf:FirstName>
               <sf:LastName>Huber</sf:LastName>
               <sf:OwnerId>005K0000000ZvOPIA0</sf:OwnerId>
            </records>
            <records xsi:type="sf:Contact">
               <sf:Id>003K000000HKhu7IAD</sf:Id>
               <sf:FirstName>Bethany</sf:FirstName>
               <sf:LastName>Sullivan</sf:LastName>
               <sf:OwnerId>005K0000000ZvOPIA0</sf:OwnerId>
            </records>
            <records xsi:type="sf:Contact">
               <sf:Id>003K000000HKhu8IAD</sf:Id>
               <sf:FirstName>Rose</sf:FirstName>
               <sf:LastName>Howell</sf:LastName>
               <sf:OwnerId>005K0000000ZvOPIA0</sf:OwnerId>
            </records>
            <records xsi:type="sf:Contact">
               <sf:Id>003K000000HKhu9IAD</sf:Id>
               <sf:FirstName>Calvin</sf:FirstName>
               <sf:LastName>Nelson</sf:LastName>
               <sf:OwnerId>005K0000000ZvOPIA0</sf:OwnerId>
            </records>
            <records xsi:type="sf:Contact">
               <sf:Id>003K000000HKhuAIAT</sf:Id>
               <sf:FirstName>Iona</sf:FirstName>
               <sf:LastName>Marks</sf:LastName>
               <sf:OwnerId>005K0000000ZvOPIA0</sf:OwnerId>
            </records>
            <records xsi:type="sf:Contact">
               <sf:Id>003K000000HKhuBIAT</sf:Id>
               <sf:FirstName>Lucas</sf:FirstName>
               <sf:LastName>Lane</sf:LastName>
               <sf:OwnerId>005K0000000ZvOPIA0</sf:OwnerId>
            </records>
            <records xsi:type="sf:Contact">
               <sf:Id>003K000000HKhzlIAD</sf:Id>
               <sf:FirstName>Holmes</sf:FirstName>
               <sf:LastName>Freeman</sf:LastName>
               <sf:OwnerId>005K0000000ZvOPIA0</sf:OwnerId>
            </records>
            <records xsi:type="sf:Contact">
               <sf:Id>003K000000HKhzmIAD</sf:Id>
               <sf:FirstName>Drake</sf:FirstName>
               <sf:LastName>Walton</sf:LastName>
               <sf:OwnerId>005K0000000ZvOPIA0</sf:OwnerId>
            </records>
            <records xsi:type="sf:Contact">
               <sf:Id>003K000000HKhznIAD</sf:Id>
               <sf:FirstName>Natalie</sf:FirstName>
               <sf:LastName>Boyd</sf:LastName>
               <sf:OwnerId>005K0000000ZvOPIA0</sf:OwnerId>
            </records>
            <records xsi:type="sf:Contact">
               <sf:Id>003K000000HKhzoIAD</sf:Id>
               <sf:FirstName>Keane</sf:FirstName>
               <sf:LastName>Langley</sf:LastName>
               <sf:OwnerId>005K0000000ZvOPIA0</sf:OwnerId>
            </records>
            <records xsi:type="sf:Contact">
               <sf:Id>003K000000HKhzpIAD</sf:Id>
               <sf:FirstName>Glenna</sf:FirstName>
               <sf:LastName>Howard</sf:LastName>
               <sf:OwnerId>005K0000000ZvOPIA0</sf:OwnerId>
            </records>
            <records xsi:type="sf:Contact">
               <sf:Id>003K000000HKhzqIAD</sf:Id>
               <sf:FirstName>Fuller</sf:FirstName>
               <sf:LastName>Aguirre</sf:LastName>
               <sf:OwnerId>005K0000000ZvOPIA0</sf:OwnerId>
            </records>
            <records xsi:type="sf:Contact">
               <sf:Id>003K000000HKhzrIAD</sf:Id>
               <sf:FirstName>Scott</sf:FirstName>
               <sf:LastName>Ortega</sf:LastName>
               <sf:OwnerId>005K0000000ZvOPIA0</sf:OwnerId>
            </records>
            <records xsi:type="sf:Contact">
               <sf:Id>003K000000HKhzsIAD</sf:Id>
               <sf:FirstName>Brett</sf:FirstName>
               <sf:LastName>Nelson</sf:LastName>
               <sf:OwnerId>005K0000000ZvOPIA0</sf:OwnerId>
            </records>
            <records xsi:type="sf:Contact">
               <sf:Id>003K000000HKhztIAD</sf:Id>
               <sf:FirstName>Illiana</sf:FirstName>
               <sf:LastName>Parrish</sf:LastName>
               <sf:OwnerId>005K0000000ZvOPIA0</sf:OwnerId>
            </records>
            <records xsi:type="sf:Contact">
               <sf:Id>003K000000HKhzuIAD</sf:Id>
               <sf:FirstName>Uriah</sf:FirstName>
               <sf:LastName>William</sf:LastName>
               <sf:OwnerId>005K0000000ZvOPIA0</sf:OwnerId>
            </records>
            <records xsi:type="sf:Contact">
               <sf:Id>003K000000HKhzvIAD</sf:Id>
               <sf:FirstName>Bevis</sf:FirstName>
               <sf:LastName>Downs</sf:LastName>
               <sf:OwnerId>005K0000000ZvOPIA0</sf:OwnerId>
            </records>
            <records xsi:type="sf:Contact">
               <sf:Id>003K000000HKhzwIAD</sf:Id>
               <sf:FirstName>Plato</sf:FirstName>
               <sf:LastName>Booth</sf:LastName>
               <sf:OwnerId>005K0000000ZvOPIA0</sf:OwnerId>
            </records>
            <records xsi:type="sf:Contact">
               <sf:Id>003K000000HKhzxIAD</sf:Id>
               <sf:FirstName>Joshua</sf:FirstName>
               <sf:LastName>Ratliff</sf:LastName>
               <sf:OwnerId>005K0000000ZvOPIA0</sf:OwnerId>
            </records>
            <records xsi:type="sf:Contact">
               <sf:Id>003K000000HKhzyIAD</sf:Id>
               <sf:FirstName>Sacha</sf:FirstName>
               <sf:LastName>Cline</sf:LastName>
               <sf:OwnerId>005K0000000ZvOPIA0</sf:OwnerId>
            </records>
            <records xsi:type="sf:Contact">
               <sf:Id>003K000000HKhzzIAD</sf:Id>
               <sf:FirstName>Aaron</sf:FirstName>
               <sf:LastName>Golden</sf:LastName>
               <sf:OwnerId>005K0000000ZvOPIA0</sf:OwnerId>
            </records>
            <records xsi:type="sf:Contact">
               <sf:Id>003K000000HKi00IAD</sf:Id>
               <sf:FirstName>Ulysses</sf:FirstName>
               <sf:LastName>Mendez</sf:LastName>
               <sf:OwnerId>005K0000000ZvOPIA0</sf:OwnerId>
            </records>
            <records xsi:type="sf:Contact">
               <sf:Id>003K000000HKi01IAD</sf:Id>
               <sf:FirstName>Aline</sf:FirstName>
               <sf:LastName>Benjamin</sf:LastName>
               <sf:OwnerId>005K0000000ZvOPIA0</sf:OwnerId>
            </records>
            <records xsi:type="sf:Contact">
               <sf:Id>003K000000HKi02IAD</sf:Id>
               <sf:FirstName>Yoshi</sf:FirstName>
               <sf:LastName>Lott</sf:LastName>
               <sf:OwnerId>005K0000000ZvOPIA0</sf:OwnerId>
            </records>
            <records xsi:type="sf:Contact">
               <sf:Id>003K000000HKi03IAD</sf:Id>
               <sf:FirstName>Naomi</sf:FirstName>
               <sf:LastName>Newman</sf:LastName>
               <sf:OwnerId>005K0000000ZvOPIA0</sf:OwnerId>
            </records>
            <records xsi:type="sf:Contact">
               <sf:Id>003K000000HKi04IAD</sf:Id>
               <sf:FirstName>Genevieve</sf:FirstName>
               <sf:LastName>Ramos</sf:LastName>
               <sf:OwnerId>005K0000000ZvOPIA0</sf:OwnerId>
            </records>
            <records xsi:type="sf:Contact">
               <sf:Id>003K000000HKi05IAD</sf:Id>
               <sf:FirstName>Zenia</sf:FirstName>
               <sf:LastName>Maxwell</sf:LastName>
               <sf:OwnerId>005K0000000ZvOPIA0</sf:OwnerId>
            </records>
            <records xsi:type="sf:Contact">
               <sf:Id>003K000000HKi06IAD</sf:Id>
               <sf:FirstName>Henry</sf:FirstName>
               <sf:LastName>Horne</sf:LastName>
               <sf:OwnerId>005K0000000ZvOPIA0</sf:OwnerId>
            </records>
            <records xsi:type="sf:Contact">
               <sf:Id>003K000000HKi07IAD</sf:Id>
               <sf:FirstName>Yolanda</sf:FirstName>
               <sf:LastName>Hines</sf:LastName>
               <sf:OwnerId>005K0000000ZvOPIA0</sf:OwnerId>
            </records>
            <records xsi:type="sf:Contact">
               <sf:Id>003K000000HKi08IAD</sf:Id>
               <sf:FirstName>Joan</sf:FirstName>
               <sf:LastName>Oliver</sf:LastName>
               <sf:OwnerId>005K0000000ZvOPIA0</sf:OwnerId>
            </records>
            <records xsi:type="sf:Contact">
               <sf:Id>003K000000HKi5dIAD</sf:Id>
               <sf:FirstName>Ashely</sf:FirstName>
               <sf:LastName>Travis</sf:LastName>
               <sf:OwnerId>005K0000000ZvOPIA0</sf:OwnerId>
            </records>
            <records xsi:type="sf:Contact">
               <sf:Id>003K000000HKi5eIAD</sf:Id>
               <sf:FirstName>Stewart</sf:FirstName>
               <sf:LastName>Burris</sf:LastName>
               <sf:OwnerId>005K0000000ZvOPIA0</sf:OwnerId>
            </records>
            <records xsi:type="sf:Contact">
               <sf:Id>003K000000HKi5fIAD</sf:Id>
               <sf:FirstName>Tucker</sf:FirstName>
               <sf:LastName>Wilkinson</sf:LastName>
               <sf:OwnerId>005K0000000ZvOPIA0</sf:OwnerId>
            </records>
            <records xsi:type="sf:Contact">
               <sf:Id>003K000000HKi5gIAD</sf:Id>
               <sf:FirstName>Jonas</sf:FirstName>
               <sf:LastName>Berg</sf:LastName>
               <sf:OwnerId>005K0000000ZvOPIA0</sf:OwnerId>
            </records>
            <records xsi:type="sf:Contact">
               <sf:Id>003K000000HKi5hIAD</sf:Id>
               <sf:FirstName>Linda</sf:FirstName>
               <sf:LastName>Morton</sf:LastName>
               <sf:OwnerId>005K0000000ZvOPIA0</sf:OwnerId>
            </records>
            <records xsi:type="sf:Contact">
               <sf:Id>003K000000HKi5iIAD</sf:Id>
               <sf:FirstName>Dorian</sf:FirstName>
               <sf:LastName>Woodward</sf:LastName>
               <sf:OwnerId>005K0000000ZvOPIA0</sf:OwnerId>
            </records>
            <records xsi:type="sf:Contact">
               <sf:Id>003K000000HKi5jIAD</sf:Id>
               <sf:FirstName>Mikayla</sf:FirstName>
               <sf:LastName>Cole</sf:LastName>
               <sf:OwnerId>005K0000000ZvOPIA0</sf:OwnerId>
            </records>
            <records xsi:type="sf:Contact">
               <sf:Id>003K000000HKi5kIAD</sf:Id>
               <sf:FirstName>Merritt</sf:FirstName>
               <sf:LastName>Summers</sf:LastName>
               <sf:OwnerId>005K0000000ZvOPIA0</sf:OwnerId>
            </records>
            <records xsi:type="sf:Contact">
               <sf:Id>003K000000HKi5lIAD</sf:Id>
               <sf:FirstName>Kylan</sf:FirstName>
               <sf:LastName>Mcdaniel</sf:LastName>
               <sf:OwnerId>005K0000000ZvOPIA0</sf:OwnerId>
            </records>
            <records xsi:type="sf:Contact">
               <sf:Id>003K000000HKi5mIAD</sf:Id>
               <sf:FirstName>Quyn</sf:FirstName>
               <sf:LastName>Everett</sf:LastName>
               <sf:OwnerId>005K0000000ZvOPIA0</sf:OwnerId>
            </records>
            <records xsi:type="sf:Contact">
               <sf:Id>003K000000HKi5nIAD</sf:Id>
               <sf:FirstName>Angela</sf:FirstName>
               <sf:LastName>Robles</sf:LastName>
               <sf:OwnerId>005K0000000ZvOPIA0</sf:OwnerId>
            </records>
            <records xsi:type="sf:Contact">
               <sf:Id>003K000000HKi5oIAD</sf:Id>
               <sf:FirstName>Whilemina</sf:FirstName>
               <sf:LastName>Valencia</sf:LastName>
               <sf:OwnerId>005K0000000ZvOPIA0</sf:OwnerId>
            </records>
            <records xsi:type="sf:Contact">
               <sf:Id>003K000000HKi5pIAD</sf:Id>
               <sf:FirstName>Charde</sf:FirstName>
               <sf:LastName>Guerra</sf:LastName>
               <sf:OwnerId>005K0000000ZvOPIA0</sf:OwnerId>
            </records>
            <records xsi:type="sf:Contact">
               <sf:Id>003K000000HKi5qIAD</sf:Id>
               <sf:FirstName>Amanda</sf:FirstName>
               <sf:LastName>Wilkerson</sf:LastName>
               <sf:OwnerId>005K0000000ZvOPIA0</sf:OwnerId>
            </records>
            <records xsi:type="sf:Contact">
               <sf:Id>003K000000HKi5rIAD</sf:Id>
               <sf:FirstName>Chiquita</sf:FirstName>
               <sf:LastName>Robbins</sf:LastName>
               <sf:OwnerId>005K0000000ZvOPIA0</sf:OwnerId>
            </records>
            <records xsi:type="sf:Contact">
               <sf:Id>003K000000HKi5sIAD</sf:Id>
               <sf:FirstName>Holly</sf:FirstName>
               <sf:LastName>Meyers</sf:LastName>
               <sf:OwnerId>005K0000000ZvOPIA0</sf:OwnerId>
            </records>
            <records xsi:type="sf:Contact">
               <sf:Id>003K000000HKi5tIAD</sf:Id>
               <sf:FirstName>Kevin</sf:FirstName>
               <sf:LastName>Ferguson</sf:LastName>
               <sf:OwnerId>005K0000000ZvOPIA0</sf:OwnerId>
            </records>
            <records xsi:type="sf:Contact">
               <sf:Id>003K000000HKi5uIAD</sf:Id>
               <sf:FirstName>Linda</sf:FirstName>
               <sf:LastName>Bentley</sf:LastName>
               <sf:OwnerId>005K0000000ZvOPIA0</sf:OwnerId>
            </records>
            <records xsi:type="sf:Contact">
               <sf:Id>003K000000HKi5vIAD</sf:Id>
               <sf:FirstName>Carissa</sf:FirstName>
               <sf:LastName>Joseph</sf:LastName>
               <sf:OwnerId>005K0000000ZvOPIA0</sf:OwnerId>
            </records>
            <records xsi:type="sf:Contact">
               <sf:Id>003K000000HKi5wIAD</sf:Id>
               <sf:FirstName>Brynn</sf:FirstName>
               <sf:LastName>Armstrong</sf:LastName>
               <sf:OwnerId>005K0000000ZvOPIA0</sf:OwnerId>
            </records>
            <records xsi:type="sf:Contact">
               <sf:Id>003K000000HKi5xIAD</sf:Id>
               <sf:FirstName>Ori</sf:FirstName>
               <sf:LastName>Joyner</sf:LastName>
               <sf:OwnerId>005K0000000ZvOPIA0</sf:OwnerId>
            </records>
            <records xsi:type="sf:Contact">
               <sf:Id>003K000000HKi5yIAD</sf:Id>
               <sf:FirstName>Dana</sf:FirstName>
               <sf:LastName>Carroll</sf:LastName>
               <sf:OwnerId>005K0000000ZvOPIA0</sf:OwnerId>
            </records>
            <records xsi:type="sf:Contact">
               <sf:Id>003K000000HKi5zIAD</sf:Id>
               <sf:FirstName>Harding</sf:FirstName>
               <sf:LastName>Spence</sf:LastName>
               <sf:OwnerId>005K0000000ZvOPIA0</sf:OwnerId>
            </records>
            <records xsi:type="sf:Contact">
               <sf:Id>003K000000HKiBZIA1</sf:Id>
               <sf:FirstName>Micah</sf:FirstName>
               <sf:LastName>Vincent</sf:LastName>
               <sf:OwnerId>005K0000000ZvOPIA0</sf:OwnerId>
            </records>
            <records xsi:type="sf:Contact">
               <sf:Id>003K000000HKiBaIAL</sf:Id>
               <sf:FirstName>Vernon</sf:FirstName>
               <sf:LastName>Dennis</sf:LastName>
               <sf:OwnerId>005K0000000ZvOPIA0</sf:OwnerId>
            </records>
            <records xsi:type="sf:Contact">
               <sf:Id>003K000000HKiBbIAL</sf:Id>
               <sf:FirstName>Savannah</sf:FirstName>
               <sf:LastName>Dixon</sf:LastName>
               <sf:OwnerId>005K0000000ZvOPIA0</sf:OwnerId>
            </records>
            <records xsi:type="sf:Contact">
               <sf:Id>003K000000HKiBcIAL</sf:Id>
               <sf:FirstName>Ina</sf:FirstName>
               <sf:LastName>Cummings</sf:LastName>
               <sf:OwnerId>005K0000000ZvOPIA0</sf:OwnerId>
            </records>
            <records xsi:type="sf:Contact">
               <sf:Id>003K000000HKiBdIAL</sf:Id>
               <sf:FirstName>Anthony</sf:FirstName>
               <sf:LastName>Heath</sf:LastName>
               <sf:OwnerId>005K0000000ZvOPIA0</sf:OwnerId>
            </records>
            <records xsi:type="sf:Contact">
               <sf:Id>003K000000HKiBeIAL</sf:Id>
               <sf:FirstName>Blossom</sf:FirstName>
               <sf:LastName>Oliver</sf:LastName>
               <sf:OwnerId>005K0000000ZvOPIA0</sf:OwnerId>
            </records>
            <records xsi:type="sf:Contact">
               <sf:Id>003K000000HKiBfIAL</sf:Id>
               <sf:FirstName>Keegan</sf:FirstName>
               <sf:LastName>Mayo</sf:LastName>
               <sf:OwnerId>005K0000000ZvOPIA0</sf:OwnerId>
            </records>
            <records xsi:type="sf:Contact">
               <sf:Id>003K000000HKiBgIAL</sf:Id>
               <sf:FirstName>TaShya</sf:FirstName>
               <sf:LastName>Herring</sf:LastName>
               <sf:OwnerId>005K0000000ZvOPIA0</sf:OwnerId>
            </records>
            <records xsi:type="sf:Contact">
               <sf:Id>003K000000HKiBhIAL</sf:Id>
               <sf:FirstName>Lareina</sf:FirstName>
               <sf:LastName>Battle</sf:LastName>
               <sf:OwnerId>005K0000000ZvOPIA0</sf:OwnerId>
            </records>
            <records xsi:type="sf:Contact">
               <sf:Id>003K000000HKiBiIAL</sf:Id>
               <sf:FirstName>Jermaine</sf:FirstName>
               <sf:LastName>Hill</sf:LastName>
               <sf:OwnerId>005K0000000ZvOPIA0</sf:OwnerId>
            </records>
            <records xsi:type="sf:Contact">
               <sf:Id>003K000000HKiBjIAL</sf:Id>
               <sf:FirstName>Nissim</sf:FirstName>
               <sf:LastName>Gilbert</sf:LastName>
               <sf:OwnerId>005K0000000ZvOPIA0</sf:OwnerId>
            </records>
            <records xsi:type="sf:Contact">
               <sf:Id>003K000000HKiBkIAL</sf:Id>
               <sf:FirstName>Nita</sf:FirstName>
               <sf:LastName>Velasquez</sf:LastName>
               <sf:OwnerId>005K0000000ZvOPIA0</sf:OwnerId>
            </records>
            <records xsi:type="sf:Contact">
               <sf:Id>003K000000HKiBlIAL</sf:Id>
               <sf:FirstName>Jolie</sf:FirstName>
               <sf:LastName>Conway</sf:LastName>
               <sf:OwnerId>005K0000000ZvOPIA0</sf:OwnerId>
            </records>
            <records xsi:type="sf:Contact">
               <sf:Id>003K000000HKiBmIAL</sf:Id>
               <sf:FirstName>Eaton</sf:FirstName>
               <sf:LastName>Finch</sf:LastName>
               <sf:OwnerId>005K0000000ZvOPIA0</sf:OwnerId>
            </records>
            <records xsi:type="sf:Contact">
               <sf:Id>003K000000HKiBnIAL</sf:Id>
               <sf:FirstName>Blake</sf:FirstName>
               <sf:LastName>Cotton</sf:LastName>
               <sf:OwnerId>005K0000000ZvOPIA0</sf:OwnerId>
            </records>
            <records xsi:type="sf:Contact">
               <sf:Id>003K000000HKiBoIAL</sf:Id>
               <sf:FirstName>Ifeoma</sf:FirstName>
               <sf:LastName>Robinson</sf:LastName>
               <sf:OwnerId>005K0000000ZvOPIA0</sf:OwnerId>
            </records>
            <records xsi:type="sf:Contact">
               <sf:Id>003K000000HKiBpIAL</sf:Id>
               <sf:FirstName>Francesca</sf:FirstName>
               <sf:LastName>Aguirre</sf:LastName>
               <sf:OwnerId>005K0000000ZvOPIA0</sf:OwnerId>
            </records>
            <records xsi:type="sf:Contact">
               <sf:Id>003K000000HKiBqIAL</sf:Id>
               <sf:FirstName>Lana</sf:FirstName>
               <sf:LastName>Mendez</sf:LastName>
               <sf:OwnerId>005K0000000ZvOPIA0</sf:OwnerId>
            </records>
            <records xsi:type="sf:Contact">
               <sf:Id>003K000000HKiBrIAL</sf:Id>
               <sf:FirstName>Armando</sf:FirstName>
               <sf:LastName>Waller</sf:LastName>
               <sf:OwnerId>005K0000000ZvOPIA0</sf:OwnerId>
            </records>
            <records xsi:type="sf:Contact">
               <sf:Id>003K000000HKiBsIAL</sf:Id>
               <sf:FirstName>Matthew</sf:FirstName>
               <sf:LastName>Bates</sf:LastName>
               <sf:OwnerId>005K0000000ZvOPIA0</sf:OwnerId>
            </records>
            <records xsi:type="sf:Contact">
               <sf:Id>003K000000HKiBtIAL</sf:Id>
               <sf:FirstName>Suki</sf:FirstName>
               <sf:LastName>Richardson</sf:LastName>
               <sf:OwnerId>005K0000000ZvOPIA0</sf:OwnerId>
            </records>
            <records xsi:type="sf:Contact">
               <sf:Id>003K000000HKiBuIAL</sf:Id>
               <sf:FirstName>Breanna</sf:FirstName>
               <sf:LastName>Holcomb</sf:LastName>
               <sf:OwnerId>005K0000000ZvOPIA0</sf:OwnerId>
            </records>
            <records xsi:type="sf:Contact">
               <sf:Id>003K000000HKiBvIAL</sf:Id>
               <sf:FirstName>Cameran</sf:FirstName>
               <sf:LastName>Pickett</sf:LastName>
               <sf:OwnerId>005K0000000ZvOPIA0</sf:OwnerId>
            </records>
            <records xsi:type="sf:Contact">
               <sf:Id>003K000000HKiHUIA1</sf:Id>
               <sf:FirstName>Gavin</sf:FirstName>
               <sf:LastName>Murphy</sf:LastName>
               <sf:OwnerId>005K0000000ZvOPIA0</sf:OwnerId>
            </records>
            <records xsi:type="sf:Contact">
               <sf:Id>003K000000HKiHVIA1</sf:Id>
               <sf:FirstName>Skyler</sf:FirstName>
               <sf:LastName>Gregory</sf:LastName>
               <sf:OwnerId>005K0000000ZvOPIA0</sf:OwnerId>
            </records>
            <records xsi:type="sf:Contact">
               <sf:Id>003K000000HKiHWIA1</sf:Id>
               <sf:FirstName>Regan</sf:FirstName>
               <sf:LastName>Bradford</sf:LastName>
               <sf:OwnerId>005K0000000ZvOPIA0</sf:OwnerId>
            </records>
            <records xsi:type="sf:Contact">
               <sf:Id>003K000000HKiHXIA1</sf:Id>
               <sf:FirstName>Eric</sf:FirstName>
               <sf:LastName>Wolfe</sf:LastName>
               <sf:OwnerId>005K0000000ZvOPIA0</sf:OwnerId>
            </records>
            <records xsi:type="sf:Contact">
               <sf:Id>003K000000HKiHYIA1</sf:Id>
               <sf:FirstName>Herrod</sf:FirstName>
               <sf:LastName>Hale</sf:LastName>
               <sf:OwnerId>005K0000000ZvOPIA0</sf:OwnerId>
            </records>
            <records xsi:type="sf:Contact">
               <sf:Id>003K000000HKiHZIA1</sf:Id>
               <sf:FirstName>Janna</sf:FirstName>
               <sf:LastName>Mullins</sf:LastName>
               <sf:OwnerId>005K0000000ZvOPIA0</sf:OwnerId>
            </records>
            <records xsi:type="sf:Contact">
               <sf:Id>003K000000HKiHaIAL</sf:Id>
               <sf:FirstName>Helen</sf:FirstName>
               <sf:LastName>Glenn</sf:LastName>
               <sf:OwnerId>005K0000000ZvOPIA0</sf:OwnerId>
            </records>
            <records xsi:type="sf:Contact">
               <sf:Id>003K000000HKiHbIAL</sf:Id>
               <sf:FirstName>Griffin</sf:FirstName>
               <sf:LastName>Davidson</sf:LastName>
               <sf:OwnerId>005K0000000ZvOPIA0</sf:OwnerId>
            </records>
            <records xsi:type="sf:Contact">
               <sf:Id>003K000000HKiHcIAL</sf:Id>
               <sf:FirstName>Lareina</sf:FirstName>
               <sf:LastName>Ratliff</sf:LastName>
               <sf:OwnerId>005K0000000ZvOPIA0</sf:OwnerId>
            </records>
            <records xsi:type="sf:Contact">
               <sf:Id>003K000000HKiHdIAL</sf:Id>
               <sf:FirstName>Harding</sf:FirstName>
               <sf:LastName>Carr</sf:LastName>
               <sf:OwnerId>005K0000000ZvOPIA0</sf:OwnerId>
            </records>
            <records xsi:type="sf:Contact">
               <sf:Id>003K000000HKiHeIAL</sf:Id>
               <sf:FirstName>Laura</sf:FirstName>
               <sf:LastName>Vang</sf:LastName>
               <sf:OwnerId>005K0000000ZvOPIA0</sf:OwnerId>
            </records>
            <records xsi:type="sf:Contact">
               <sf:Id>003K000000HKiHfIAL</sf:Id>
               <sf:FirstName>Kirestin</sf:FirstName>
               <sf:LastName>Hensley</sf:LastName>
               <sf:OwnerId>005K0000000ZvOPIA0</sf:OwnerId>
            </records>
            <records xsi:type="sf:Contact">
               <sf:Id>003K000000HKiHgIAL</sf:Id>
               <sf:FirstName>Macey</sf:FirstName>
               <sf:LastName>Baker</sf:LastName>
               <sf:OwnerId>005K0000000ZvOPIA0</sf:OwnerId>
            </records>
            <records xsi:type="sf:Contact">
               <sf:Id>003K000000HKiHhIAL</sf:Id>
               <sf:FirstName>Kirestin</sf:FirstName>
               <sf:LastName>Hensley</sf:LastName>
               <sf:OwnerId>005K0000000ZvOPIA0</sf:OwnerId>
            </records>
            <records xsi:type="sf:Contact">
               <sf:Id>003K000000HKiHiIAL</sf:Id>
               <sf:FirstName>Macey</sf:FirstName>
               <sf:LastName>Baker</sf:LastName>
               <sf:OwnerId>005K0000000ZvOPIA0</sf:OwnerId>
            </records>
            <records xsi:type="sf:Contact">
               <sf:Id>003K000000HKiHjIAL</sf:Id>
               <sf:FirstName>Solomon</sf:FirstName>
               <sf:LastName>Lane</sf:LastName>
               <sf:OwnerId>005K0000000ZvOPIA0</sf:OwnerId>
            </records>
            <records xsi:type="sf:Contact">
               <sf:Id>003K000000HKiHkIAL</sf:Id>
               <sf:FirstName>Chiquita</sf:FirstName>
               <sf:LastName>Gates</sf:LastName>
               <sf:OwnerId>005K0000000ZvOPIA0</sf:OwnerId>
            </records>
            <records xsi:type="sf:Contact">
               <sf:Id>003K000000HKiHlIAL</sf:Id>
               <sf:FirstName>Ebony</sf:FirstName>
               <sf:LastName>Bishop</sf:LastName>
               <sf:OwnerId>005K0000000ZvOPIA0</sf:OwnerId>
            </records>
            <records xsi:type="sf:Contact">
               <sf:Id>003K000000HKiHmIAL</sf:Id>
               <sf:FirstName>Galvin</sf:FirstName>
               <sf:LastName>Snow</sf:LastName>
               <sf:OwnerId>005K0000000ZvOPIA0</sf:OwnerId>
            </records>
            <records xsi:type="sf:Contact">
               <sf:Id>003K000000HKiHnIAL</sf:Id>
               <sf:FirstName>Roth</sf:FirstName>
               <sf:LastName>Cantrell</sf:LastName>
               <sf:OwnerId>005K0000000ZvOPIA0</sf:OwnerId>
            </records>
            <records xsi:type="sf:Contact">
               <sf:Id>003K000000HKiHoIAL</sf:Id>
               <sf:FirstName>Savannah</sf:FirstName>
               <sf:LastName>Griffin</sf:LastName>
               <sf:OwnerId>005K0000000ZvOPIA0</sf:OwnerId>
            </records>
            <records xsi:type="sf:Contact">
               <sf:Id>003K000000HKiHpIAL</sf:Id>
               <sf:FirstName>Joseph</sf:FirstName>
               <sf:LastName>Compton</sf:LastName>
               <sf:OwnerId>005K0000000ZvOPIA0</sf:OwnerId>
            </records>
            <records xsi:type="sf:Contact">
               <sf:Id>003K000000HKiHqIAL</sf:Id>
               <sf:FirstName>Harriet</sf:FirstName>
               <sf:LastName>Hayden</sf:LastName>
               <sf:OwnerId>005K0000000ZvOPIA0</sf:OwnerId>
            </records>
            <records xsi:type="sf:Contact">
               <sf:Id>003K000000HKiNFIA1</sf:Id>
               <sf:FirstName>Pandora</sf:FirstName>
               <sf:LastName>Beard</sf:LastName>
               <sf:OwnerId>005K0000000ZvOPIA0</sf:OwnerId>
            </records>
            <records xsi:type="sf:Contact">
               <sf:Id>003K000000HKiNGIA1</sf:Id>
               <sf:FirstName>Hall</sf:FirstName>
               <sf:LastName>Estrada</sf:LastName>
               <sf:OwnerId>005K0000000ZvOPIA0</sf:OwnerId>
            </records>
            <records xsi:type="sf:Contact">
               <sf:Id>003K000000HKiNHIA1</sf:Id>
               <sf:FirstName>Juliet</sf:FirstName>
               <sf:LastName>Dominguez</sf:LastName>
               <sf:OwnerId>005K0000000ZvOPIA0</sf:OwnerId>
            </records>
            <records xsi:type="sf:Contact">
               <sf:Id>003K000000HKiNIIA1</sf:Id>
               <sf:FirstName>Ferdinand</sf:FirstName>
               <sf:LastName>Solis</sf:LastName>
               <sf:OwnerId>005K0000000ZvOPIA0</sf:OwnerId>
            </records>
            <records xsi:type="sf:Contact">
               <sf:Id>003K000000HKiNJIA1</sf:Id>
               <sf:FirstName>Nolan</sf:FirstName>
               <sf:LastName>Camacho</sf:LastName>
               <sf:OwnerId>005K0000000ZvOPIA0</sf:OwnerId>
            </records>
            <records xsi:type="sf:Contact">
               <sf:Id>003K000000HKiNKIA1</sf:Id>
               <sf:FirstName>Brendan</sf:FirstName>
               <sf:LastName>Bonner</sf:LastName>
               <sf:OwnerId>005K0000000ZvOPIA0</sf:OwnerId>
            </records>
            <records xsi:type="sf:Contact">
               <sf:Id>003K000000HKiNLIA1</sf:Id>
               <sf:FirstName>Amena</sf:FirstName>
               <sf:LastName>Franklin</sf:LastName>
               <sf:OwnerId>005K0000000ZvOPIA0</sf:OwnerId>
            </records>
            <records xsi:type="sf:Contact">
               <sf:Id>003K000000HKiNMIA1</sf:Id>
               <sf:FirstName>Paul</sf:FirstName>
               <sf:LastName>Ware</sf:LastName>
               <sf:OwnerId>005K0000000ZvOPIA0</sf:OwnerId>
            </records>
            <records xsi:type="sf:Contact">
               <sf:Id>003K000000HKiNNIA1</sf:Id>
               <sf:FirstName>Lenore</sf:FirstName>
               <sf:LastName>Mullen</sf:LastName>
               <sf:OwnerId>005K0000000ZvOPIA0</sf:OwnerId>
            </records>
            <records xsi:type="sf:Contact">
               <sf:Id>003K000000HKiNOIA1</sf:Id>
               <sf:FirstName>Barrett</sf:FirstName>
               <sf:LastName>Pratt</sf:LastName>
               <sf:OwnerId>005K0000000ZvOPIA0</sf:OwnerId>
            </records>
            <records xsi:type="sf:Contact">
               <sf:Id>003K000000HKiNPIA1</sf:Id>
               <sf:FirstName>Raya</sf:FirstName>
               <sf:LastName>Green</sf:LastName>
               <sf:OwnerId>005K0000000ZvOPIA0</sf:OwnerId>
            </records>
            <records xsi:type="sf:Contact">
               <sf:Id>003K000000HKiNQIA1</sf:Id>
               <sf:FirstName>Emerald</sf:FirstName>
               <sf:LastName>Mendez</sf:LastName>
               <sf:OwnerId>005K0000000ZvOPIA0</sf:OwnerId>
            </records>
            <records xsi:type="sf:Contact">
               <sf:Id>003K000000HKiNRIA1</sf:Id>
               <sf:FirstName>Belle</sf:FirstName>
               <sf:LastName>Hendrix</sf:LastName>
               <sf:OwnerId>005K0000000ZvOPIA0</sf:OwnerId>
            </records>
            <records xsi:type="sf:Contact">
               <sf:Id>003K000000HKiNSIA1</sf:Id>
               <sf:FirstName>Kelsie</sf:FirstName>
               <sf:LastName>Cross</sf:LastName>
               <sf:OwnerId>005K0000000ZvOPIA0</sf:OwnerId>
            </records>
            <records xsi:type="sf:Contact">
               <sf:Id>003K000000HKiNTIA1</sf:Id>
               <sf:FirstName>Plato</sf:FirstName>
               <sf:LastName>Turner</sf:LastName>
               <sf:OwnerId>005K0000000ZvOPIA0</sf:OwnerId>
            </records>
            <records xsi:type="sf:Contact">
               <sf:Id>003K000000HKiNUIA1</sf:Id>
               <sf:FirstName>Taylor</sf:FirstName>
               <sf:LastName>Buckner</sf:LastName>
               <sf:OwnerId>005K0000000ZvOPIA0</sf:OwnerId>
            </records>
            <size>203079</size>
         </result>
      </queryResponse>
   </soapenv:Body>
</soapenv:Envelope>OOOO
2012-08-06 17:47:47,746 INFO  [log] Set..[SESSION_ID=f8feda63-e007-11e1-a586-67e4910feddd; Path=/; Secure; Expires=Mon, 6-Aug-2012 21:47:44 GMT, CSRF_TOKEN=Qe4Ej5856W2utEy5pBW6n6S4DFpdfwoqExqGKgvgtTG0tesXvdUQeZnrRwgjm9yU; Path=/; Secure; Expires=Mon, 6-Aug-2012 21:47:44 GMT]sss
2012-08-06 17:47:47,747 INFO  [log] inicio=12fin48
2012-08-06 17:47:47,747 INFO  [log] toString..[SESSION_ID=f8feda63-e007-11e1-a586-67e4910feddd; Path=/; Secure; Expires=Mon, 6-Aug-2012 21:47:44 GMT, CSRF_TOKEN=Qe4Ej5856W2utEy5pBW6n6S4DFpdfwoqExqGKgvgtTG0tesXvdUQeZnrRwgjm9yU; Path=/; Secure; Expires=Mon, 6-Aug-2012 21:47:44 GMT]
2012-08-06 17:47:47,747 INFO  [log] Resultado:f8feda63-e007-11e1-a586-67e4910feddd
2012-08-06 17:47:51,312 INFO  [log] RESPONSE..STRINGnullOOOO
2012-08-06 17:47:51,312 INFO  [log] RESPONSE..ID VAL <Fault xmlns="https://sfdataloader-load.muleion.com/api/connections">
   <error>Not Authorized.</error>
</Fault>OOOO
2012-08-06 17:47:58,064 INFO  [log] inicio=12fin48
2012-08-06 17:47:58,065 INFO  [log] toString..[SESSION_ID=ff30172d-e007-11e1-a586-67e4910feddd; Path=/; Secure; Expires=Mon, 6-Aug-2012 21:47:54 GMT, CSRF_TOKEN=aC8K1FYPqjHcf95hSDQ93RULWMUGtix6DTD3NpRTA9ou2GPi1Atchzc8PUfcCEhj; Path=/; Secure; Expires=Mon, 6-Aug-2012 21:47:54 GMT]
2012-08-06 17:47:58,065 INFO  [log] Resultado:ff30172d-e007-11e1-a586-67e4910feddd
2012-08-06 17:48:16,446 INFO  [log] RESPONSE..STRINGnullOOOO
2012-08-06 17:48:16,446 INFO  [log] RESPONSE..ID VAL <Fault xmlns="https://sfdataloader-load.muleion.com/api/connections">
   <error>Not Authorized.</error>
</Fault>OOOO
2012-08-06 17:48:32,048 INFO  [log] RESPONSE..IDTask<Fault xmlns="https://sfdataloader-load.muleion.com/api/tasks">
   <error>Not Authorized.</error>
</Fault>OOOO
2012-08-06 17:48:36,196 INFO  [log] Set..[SESSION_ID=15ecb521-e008-11e1-a586-67e4910feddd; Path=/; Secure; Expires=Mon, 6-Aug-2012 21:48:33 GMT, CSRF_TOKEN=2jccGbkMIa268vwYrCM0Rzlk4GtsAdYuwE6R2pcrKExd2XbnEQiL5Al6F0J2xHgJ; Path=/; Secure; Expires=Mon, 6-Aug-2012 21:48:33 GMT]sss
2012-08-06 17:48:36,196 INFO  [log] inicio=12fin48
2012-08-06 17:48:36,196 INFO  [log] toString..[SESSION_ID=15ecb521-e008-11e1-a586-67e4910feddd; Path=/; Secure; Expires=Mon, 6-Aug-2012 21:48:33 GMT, CSRF_TOKEN=2jccGbkMIa268vwYrCM0Rzlk4GtsAdYuwE6R2pcrKExd2XbnEQiL5Al6F0J2xHgJ; Path=/; Secure; Expires=Mon, 6-Aug-2012 21:48:33 GMT]
2012-08-06 17:48:36,196 INFO  [log] Resultado:15ecb521-e008-11e1-a586-67e4910feddd
2012-08-06 17:48:46,454 INFO  [log] RESPONSE..STRINGnullOOOO
2012-08-06 17:48:46,455 INFO  [log] RESPONSE..ID VAL <Fault xmlns="https://sfdataloader-load.muleion.com/api/connections">
   <error>Not Authorized.</error>
</Fault>OOOO
2012-08-06 17:49:16,935 INFO  [log] Set..nullsss
2012-08-06 17:49:16,935 INFO  [log] inicio=0fin-1
